2024-12-08 14:59:20,857 [INFO] Activator:177 - 


2024-12-08 14:59:20,858 [INFO] Activator:178 - !SESSION log4j initialized
2024-12-08 19:38:41,602 [INFO] Activator:177 - 


2024-12-08 19:38:41,603 [INFO] Activator:178 - !SESSION log4j initialized
2024-12-08 19:39:55,482 [INFO] McuFinderGlobals:39 - Set McuFinder mode to 2 (CubeIDE integrated)
2024-12-08 19:39:55,775 [INFO] ApplicationProperties:181 - Using Application install path: C:\ST\STM32CubeIDE_1.7.0\STM32CubeIDE\plugins\com.st.stm32cube.common.mx_6.3.0.202107141111
2024-12-08 19:39:55,786 [INFO] DbMcusXml:74 - Set database path to: C:\ST\STM32CubeIDE_1.7.0\STM32CubeIDE\plugins\com.st.stm32cube.common.mx_6.3.0.202107141111\\db\/mcu/
2024-12-08 19:39:55,789 [INFO] DbBoardsPdsc:56 - Set plugin database path to: C:\ST\STM32CubeIDE_1.7.0\STM32CubeIDE\plugins\com.st.stm32cube.common.mx_6.3.0.202107141111\\db\/plugins/boardmanager/
2024-12-08 19:39:55,789 [INFO] DbMcus:258 - Set plugin images path to: C:\ST\STM32CubeIDE_1.7.0\STM32CubeIDE\plugins\com.st.stm32cube.common.mx_6.3.0.202107141111\\db\/plugins/mcufinder/images/
2024-12-08 19:39:55,789 [INFO] DbBoards:264 - Set plugin images path to: C:\ST\STM32CubeIDE_1.7.0\STM32CubeIDE\plugins\com.st.stm32cube.common.mx_6.3.0.202107141111\\db\/plugins/mcufinder/images/
2024-12-08 19:39:55,791 [INFO] DbExamples:333 - Set plugin images path to: C:\ST\STM32CubeIDE_1.7.0\STM32CubeIDE\plugins\com.st.stm32cube.common.mx_6.3.0.202107141111\\db\/plugins/mcufinder/images/
2024-12-08 19:39:55,798 [INFO] DbMcusAds:119 - Set database path to: C:\Users\ADMIN\.stmcufinder\plugins\mcufinder//mcu/
2024-12-08 19:39:55,799 [INFO] DbMcusDocs:110 - Set database path to: C:\Users\ADMIN\.stmcufinder\plugins\mcufinder//mcu/
2024-12-08 19:39:55,800 [INFO] DbMcusJson:64 - Set database path to: C:\Users\ADMIN\.stmcufinder\plugins\mcufinder//mcu/
2024-12-08 19:39:55,800 [INFO] DbBoardsDocs:110 - Set database path to: C:\Users\ADMIN\.stmcufinder\plugins\mcufinder//mcu/
2024-12-08 19:39:55,801 [INFO] DbBoardsJson:57 - Set database path to: C:\Users\ADMIN\.stmcufinder\plugins\mcufinder//mcu/
2024-12-08 19:39:56,840 [INFO] CrossReferenceDbSqlite:196 - Set database path to: C:\Users\ADMIN\.stmcufinder\plugins\mcufinder//mcu/cs/
2024-12-08 19:39:56,853 [INFO] DbExamplesSqlite:767 - Set database path to: C:\Users\ADMIN\.stmcufinder\plugins\mcufinder//mcu/
2024-12-08 19:39:56,934 [INFO] RulesReader:57 - Compatibility file has been processed (242 Rules)
2024-12-08 19:39:57,014 [INFO] DbMcusXml:74 - Set database path to: C:\ST\STM32CubeIDE_1.7.0\STM32CubeIDE\plugins\com.st.stm32cube.common.mx_6.3.0.202107141111\\db\/mcu/
2024-12-08 19:39:57,014 [INFO] DbBoardsPdsc:56 - Set plugin database path to: C:\ST\STM32CubeIDE_1.7.0\STM32CubeIDE\plugins\com.st.stm32cube.common.mx_6.3.0.202107141111\\db\/plugins/boardmanager/
2024-12-08 19:39:57,014 [INFO] DbMcus:258 - Set plugin images path to: C:\ST\STM32CubeIDE_1.7.0\STM32CubeIDE\plugins\com.st.stm32cube.common.mx_6.3.0.202107141111\\db\/plugins/mcufinder/images/
2024-12-08 19:39:57,014 [INFO] DbBoards:264 - Set plugin images path to: C:\ST\STM32CubeIDE_1.7.0\STM32CubeIDE\plugins\com.st.stm32cube.common.mx_6.3.0.202107141111\\db\/plugins/mcufinder/images/
2024-12-08 19:39:57,014 [INFO] DbExamples:333 - Set plugin images path to: C:\ST\STM32CubeIDE_1.7.0\STM32CubeIDE\plugins\com.st.stm32cube.common.mx_6.3.0.202107141111\\db\/plugins/mcufinder/images/
2024-12-08 19:39:57,014 [WARN] DbFile:35 - Overriding database path with different value: C:\Users\ADMIN\.stmcufinder\plugins\mcufinder/ => C:\Users\ADMIN\.stmcufinder\plugins\mcufinder
2024-12-08 19:39:57,014 [INFO] DbMcusAds:119 - Set database path to: C:\Users\ADMIN\.stmcufinder\plugins\mcufinder//mcu/
2024-12-08 19:39:57,015 [WARN] DbFile:35 - Overriding database path with different value: C:\Users\ADMIN\.stmcufinder\plugins\mcufinder/ => C:\Users\ADMIN\.stmcufinder\plugins\mcufinder
2024-12-08 19:39:57,015 [INFO] DbMcusDocs:110 - Set database path to: C:\Users\ADMIN\.stmcufinder\plugins\mcufinder//mcu/
2024-12-08 19:39:57,015 [WARN] DbFile:35 - Overriding database path with different value: C:\Users\ADMIN\.stmcufinder\plugins\mcufinder/ => C:\Users\ADMIN\.stmcufinder\plugins\mcufinder
2024-12-08 19:39:57,015 [INFO] DbMcusJson:64 - Set database path to: C:\Users\ADMIN\.stmcufinder\plugins\mcufinder//mcu/
2024-12-08 19:39:57,015 [WARN] DbFile:35 - Overriding database path with different value: C:\Users\ADMIN\.stmcufinder\plugins\mcufinder/ => C:\Users\ADMIN\.stmcufinder\plugins\mcufinder
2024-12-08 19:39:57,015 [INFO] DbBoardsDocs:110 - Set database path to: C:\Users\ADMIN\.stmcufinder\plugins\mcufinder//mcu/
2024-12-08 19:39:57,015 [WARN] DbFile:35 - Overriding database path with different value: C:\Users\ADMIN\.stmcufinder\plugins\mcufinder/ => C:\Users\ADMIN\.stmcufinder\plugins\mcufinder
2024-12-08 19:39:57,015 [INFO] DbBoardsJson:57 - Set database path to: C:\Users\ADMIN\.stmcufinder\plugins\mcufinder//mcu/
2024-12-08 19:39:57,015 [WARN] DbFile:35 - Overriding database path with different value: C:\Users\ADMIN\.stmcufinder\plugins\mcufinder/ => C:\Users\ADMIN\.stmcufinder\plugins\mcufinder
2024-12-08 19:39:57,015 [WARN] DbFile:35 - Overriding database path with different value: C:\Users\ADMIN\.stmcufinder\plugins\mcufinder/ => C:\Users\ADMIN\.stmcufinder\plugins\mcufinder
2024-12-08 19:39:57,834 [INFO] CrossReferenceDbSqlite:196 - Set database path to: C:\Users\ADMIN\.stmcufinder\plugins\mcufinder//mcu/cs/
2024-12-08 19:39:57,834 [WARN] DbFile:35 - Overriding database path with different value: C:\Users\ADMIN\.stmcufinder\plugins\mcufinder/ => C:\Users\ADMIN\.stmcufinder\plugins\mcufinder
2024-12-08 19:39:57,834 [INFO] DbExamplesSqlite:767 - Set database path to: C:\Users\ADMIN\.stmcufinder\plugins\mcufinder//mcu/
2024-12-08 19:39:57,894 [INFO] MainPanel:214 - HeapMemory: 504365056
2024-12-08 19:39:57,980 [INFO] DbMcusXml:74 - Set database path to: C:\ST\STM32CubeIDE_1.7.0\STM32CubeIDE\plugins\com.st.stm32cube.common.mx_6.3.0.202107141111\\db\/mcu/
2024-12-08 19:39:57,980 [INFO] DbBoardsPdsc:56 - Set plugin database path to: C:\ST\STM32CubeIDE_1.7.0\STM32CubeIDE\plugins\com.st.stm32cube.common.mx_6.3.0.202107141111\\db\/plugins/boardmanager/
2024-12-08 19:39:57,980 [INFO] DbMcus:258 - Set plugin images path to: C:\ST\STM32CubeIDE_1.7.0\STM32CubeIDE\plugins\com.st.stm32cube.common.mx_6.3.0.202107141111\\db\/plugins/mcufinder/images/
2024-12-08 19:39:57,980 [INFO] DbBoards:264 - Set plugin images path to: C:\ST\STM32CubeIDE_1.7.0\STM32CubeIDE\plugins\com.st.stm32cube.common.mx_6.3.0.202107141111\\db\/plugins/mcufinder/images/
2024-12-08 19:39:57,980 [INFO] DbExamples:333 - Set plugin images path to: C:\ST\STM32CubeIDE_1.7.0\STM32CubeIDE\plugins\com.st.stm32cube.common.mx_6.3.0.202107141111\\db\/plugins/mcufinder/images/
2024-12-08 19:39:57,981 [WARN] DbFile:35 - Overriding database path with different value: C:\Users\ADMIN\.stmcufinder\plugins\mcufinder/ => C:\Users\ADMIN\.stmcufinder\plugins\mcufinder
2024-12-08 19:39:57,981 [INFO] DbMcusAds:119 - Set database path to: C:\Users\ADMIN\.stmcufinder\plugins\mcufinder//mcu/
2024-12-08 19:39:57,981 [WARN] DbFile:35 - Overriding database path with different value: C:\Users\ADMIN\.stmcufinder\plugins\mcufinder/ => C:\Users\ADMIN\.stmcufinder\plugins\mcufinder
2024-12-08 19:39:57,981 [INFO] DbMcusDocs:110 - Set database path to: C:\Users\ADMIN\.stmcufinder\plugins\mcufinder//mcu/
2024-12-08 19:39:57,981 [WARN] DbFile:35 - Overriding database path with different value: C:\Users\ADMIN\.stmcufinder\plugins\mcufinder/ => C:\Users\ADMIN\.stmcufinder\plugins\mcufinder
2024-12-08 19:39:57,981 [INFO] DbMcusJson:64 - Set database path to: C:\Users\ADMIN\.stmcufinder\plugins\mcufinder//mcu/
2024-12-08 19:39:57,981 [WARN] DbFile:35 - Overriding database path with different value: C:\Users\ADMIN\.stmcufinder\plugins\mcufinder/ => C:\Users\ADMIN\.stmcufinder\plugins\mcufinder
2024-12-08 19:39:57,981 [INFO] DbBoardsDocs:110 - Set database path to: C:\Users\ADMIN\.stmcufinder\plugins\mcufinder//mcu/
2024-12-08 19:39:57,981 [WARN] DbFile:35 - Overriding database path with different value: C:\Users\ADMIN\.stmcufinder\plugins\mcufinder/ => C:\Users\ADMIN\.stmcufinder\plugins\mcufinder
2024-12-08 19:39:57,981 [INFO] DbBoardsJson:57 - Set database path to: C:\Users\ADMIN\.stmcufinder\plugins\mcufinder//mcu/
2024-12-08 19:39:57,981 [WARN] DbFile:35 - Overriding database path with different value: C:\Users\ADMIN\.stmcufinder\plugins\mcufinder/ => C:\Users\ADMIN\.stmcufinder\plugins\mcufinder
2024-12-08 19:39:57,981 [WARN] DbFile:35 - Overriding database path with different value: C:\Users\ADMIN\.stmcufinder\plugins\mcufinder/ => C:\Users\ADMIN\.stmcufinder\plugins\mcufinder
2024-12-08 19:39:58,833 [INFO] CrossReferenceDbSqlite:196 - Set database path to: C:\Users\ADMIN\.stmcufinder\plugins\mcufinder//mcu/cs/
2024-12-08 19:39:58,833 [WARN] DbFile:35 - Overriding database path with different value: C:\Users\ADMIN\.stmcufinder\plugins\mcufinder/ => C:\Users\ADMIN\.stmcufinder\plugins\mcufinder
2024-12-08 19:39:58,833 [INFO] DbExamplesSqlite:767 - Set database path to: C:\Users\ADMIN\.stmcufinder\plugins\mcufinder//mcu/
2024-12-08 19:39:58,863 [INFO] ApplicationProperties:181 - Using Application install path: C:\ST\STM32CubeIDE_1.7.0\STM32CubeIDE\plugins\com.st.stm32cube.common.mx_6.3.0.202107141111
2024-12-08 19:39:58,865 [INFO] PluginManage:188 - Search for loadable plugins [exclusion list=, ]
2024-12-08 19:39:58,866 [INFO] PluginManage:302 - Check plugin analytics
2024-12-08 19:39:59,936 [INFO] AnalyticsPlugin:257 - Accepted Software Licenses: 
2024-12-08 19:39:59,937 [INFO] AnalyticsPlugin:259 - Accepted CMSIS Pack Licenses: 
2024-12-08 19:39:59,937 [INFO] AnalyticsPlugin:261 - Accepted Firmware Licenses: 
2024-12-08 19:39:59,938 [INFO] PluginManage:352 - Loaded plugin analytics (category:tool,tabindex:-1)
2024-12-08 19:39:59,938 [INFO] PluginManage:302 - Check plugin clock
2024-12-08 19:39:59,960 [INFO] PluginManage:352 - Loaded plugin clock (category:base,tabindex:2)
2024-12-08 19:39:59,960 [INFO] PluginManage:302 - Check plugin ddr
2024-12-08 19:39:59,962 [INFO] PluginManage:352 - Loaded plugin ddr (category:tool,tabindex:6)
2024-12-08 19:39:59,962 [INFO] PluginManage:302 - Check plugin filemanager
2024-12-08 19:40:00,090 [INFO] PluginManage:352 - Loaded plugin filemanager (category:base,tabindex:10)
2024-12-08 19:40:00,091 [INFO] PluginManage:302 - Check plugin ipmanager
2024-12-08 19:40:00,096 [INFO] PluginManage:352 - Loaded plugin ipmanager (category:base,tabindex:5)
2024-12-08 19:40:00,096 [INFO] PluginManage:302 - Check plugin pinoutandconfiguration
2024-12-08 19:40:00,116 [INFO] PluginManage:352 - Loaded plugin pinoutandconfiguration (category:base,tabindex:1)
2024-12-08 19:40:00,116 [INFO] PluginManage:302 - Check plugin pinoutconfig
2024-12-08 19:40:00,149 [INFO] PluginManage:352 - Loaded plugin pinoutconfig (category:base,tabindex:0)
2024-12-08 19:40:00,149 [INFO] PluginManage:302 - Check plugin power
2024-12-08 19:40:00,171 [INFO] PluginManage:352 - Loaded plugin power (category:power,tabindex:4)
2024-12-08 19:40:00,171 [INFO] PluginManage:302 - Check plugin projectmanager
2024-12-08 19:40:00,184 [INFO] PluginManage:352 - Loaded plugin projectmanager (category:projectmanager,tabindex:3)
2024-12-08 19:40:00,184 [INFO] PluginManage:302 - Check plugin thirdparty
2024-12-08 19:40:00,394 [WARN] IntegrityCheckThread:78 - waiting for thirdparty lock release [integrity check]
2024-12-08 19:40:00,394 [INFO] PluginManage:352 - Loaded plugin thirdparty (category:base,tabindex:-1)
2024-12-08 19:40:00,395 [INFO] IntegrityCheckThread:80 - entering critical section [integrity check]
2024-12-08 19:40:00,395 [INFO] PluginManage:302 - Check plugin tools
2024-12-08 19:40:00,395 [INFO] ThirdPartyUpdaterWithRetryManager:66 - Updater plugin not ready yet. [1/15]
2024-12-08 19:40:00,459 [INFO] PluginManage:352 - Loaded plugin tools (category:base,tabindex:7)
2024-12-08 19:40:00,460 [INFO] PluginManage:302 - Check plugin tutovideos
2024-12-08 19:40:00,720 [INFO] PluginManage:352 - Loaded plugin tutovideos (category:base,tabindex:-1)
2024-12-08 19:40:00,720 [INFO] PluginManage:302 - Check plugin updater
2024-12-08 19:40:00,734 [INFO] PluginManage:352 - Loaded plugin updater (category:base,tabindex:12)
2024-12-08 19:40:00,734 [INFO] PluginManage:275 - PluginManage : Loaded plugins [13]
2024-12-08 19:40:00,912 [INFO] PinOutPanel:1463 - setPackage(No Configuration,No Configuration)
2024-12-08 19:40:01,011 [INFO] IPUIPlugin:74 - create IPUIPlugin
2024-12-08 19:40:01,012 [INFO] PluginManager:213 - loadIPPluginJar : add adc
2024-12-08 19:40:01,060 [INFO] IPUIPlugin:74 - create IPUIPlugin
2024-12-08 19:40:01,060 [INFO] PluginManager:213 - loadIPPluginJar : add aes
2024-12-08 19:40:01,114 [INFO] IPUIPlugin:74 - create IPUIPlugin
2024-12-08 19:40:01,114 [INFO] PluginManager:213 - loadIPPluginJar : add can
2024-12-08 19:40:01,149 [INFO] IPUIPlugin:74 - create IPUIPlugin
2024-12-08 19:40:01,149 [INFO] PluginManager:213 - loadIPPluginJar : add comp
2024-12-08 19:40:01,190 [INFO] IPUIPlugin:74 - create IPUIPlugin
2024-12-08 19:40:01,190 [INFO] PluginManager:213 - loadIPPluginJar : add cryp
2024-12-08 19:40:01,234 [INFO] IPUIPlugin:74 - create IPUIPlugin
2024-12-08 19:40:01,234 [INFO] PluginManager:213 - loadIPPluginJar : add dfsdm
2024-12-08 19:40:01,250 [INFO] IPUIPlugin:74 - create IPUIPlugin
2024-12-08 19:40:01,251 [INFO] PluginManager:213 - loadIPPluginJar : add dma
2024-12-08 19:40:01,309 [INFO] IPUIPlugin:74 - create IPUIPlugin
2024-12-08 19:40:01,310 [INFO] PluginManager:213 - loadIPPluginJar : add dma3
2024-12-08 19:40:01,345 [INFO] IPUIPlugin:74 - create IPUIPlugin
2024-12-08 19:40:01,345 [INFO] PluginManager:213 - loadIPPluginJar : add fatfs
2024-12-08 19:40:01,410 [INFO] IPUIPlugin:74 - create IPUIPlugin
2024-12-08 19:40:01,410 [INFO] PluginManager:213 - loadIPPluginJar : add fmc
2024-12-08 19:40:01,426 [INFO] IPUIPlugin:74 - create IPUIPlugin
2024-12-08 19:40:01,426 [INFO] PluginManager:213 - loadIPPluginJar : add freertos
2024-12-08 19:40:01,457 [INFO] IPUIPlugin:74 - create IPUIPlugin
2024-12-08 19:40:01,457 [INFO] PluginManager:213 - loadIPPluginJar : add genericplugin
2024-12-08 19:40:01,557 [INFO] IPUIPlugin:74 - create IPUIPlugin
2024-12-08 19:40:01,558 [INFO] PluginManager:213 - loadIPPluginJar : add gfxmmu
2024-12-08 19:40:01,704 [INFO] IPUIPlugin:74 - create IPUIPlugin
2024-12-08 19:40:01,704 [INFO] PluginManager:213 - loadIPPluginJar : add gic
2024-12-08 19:40:01,717 [INFO] IPUIPlugin:74 - create IPUIPlugin
2024-12-08 19:40:01,718 [INFO] PluginManager:213 - loadIPPluginJar : add gpio
2024-12-08 19:40:01,798 [INFO] IPUIPlugin:74 - create IPUIPlugin
2024-12-08 19:40:01,798 [INFO] PluginManager:213 - loadIPPluginJar : add gtzc
2024-12-08 19:40:01,851 [INFO] IPUIPlugin:74 - create IPUIPlugin
2024-12-08 19:40:01,852 [INFO] PluginManager:213 - loadIPPluginJar : add hash
2024-12-08 19:40:01,912 [INFO] IPUIPlugin:74 - create IPUIPlugin
2024-12-08 19:40:01,913 [INFO] PluginManager:213 - loadIPPluginJar : add i2c
2024-12-08 19:40:01,957 [INFO] IPUIPlugin:74 - create IPUIPlugin
2024-12-08 19:40:01,957 [INFO] PluginManager:213 - loadIPPluginJar : add i2s
2024-12-08 19:40:01,971 [INFO] IPUIPlugin:74 - create IPUIPlugin
2024-12-08 19:40:01,971 [INFO] PluginManager:213 - loadIPPluginJar : add ipddr
2024-12-08 19:40:02,071 [INFO] IPUIPlugin:74 - create IPUIPlugin
2024-12-08 19:40:02,071 [INFO] PluginManager:213 - loadIPPluginJar : add linkedlist
2024-12-08 19:40:02,124 [INFO] IPUIPlugin:74 - create IPUIPlugin
2024-12-08 19:40:02,124 [INFO] PluginManager:213 - loadIPPluginJar : add lorawan
2024-12-08 19:40:02,171 [INFO] IPUIPlugin:74 - create IPUIPlugin
2024-12-08 19:40:02,171 [INFO] PluginManager:213 - loadIPPluginJar : add ltdc
2024-12-08 19:40:02,184 [INFO] IPUIPlugin:74 - create IPUIPlugin
2024-12-08 19:40:02,185 [INFO] PluginManager:213 - loadIPPluginJar : add mdma
2024-12-08 19:40:02,197 [INFO] IPUIPlugin:74 - create IPUIPlugin
2024-12-08 19:40:02,197 [INFO] PluginManager:213 - loadIPPluginJar : add nvic
2024-12-08 19:40:02,253 [INFO] IPUIPlugin:74 - create IPUIPlugin
2024-12-08 19:40:02,254 [INFO] PluginManager:213 - loadIPPluginJar : add opamp
2024-12-08 19:40:02,323 [INFO] IPUIPlugin:74 - create IPUIPlugin
2024-12-08 19:40:02,323 [INFO] PluginManager:213 - loadIPPluginJar : add openamp
2024-12-08 19:40:02,376 [INFO] IPUIPlugin:74 - create IPUIPlugin
2024-12-08 19:40:02,376 [INFO] PluginManager:213 - loadIPPluginJar : add pdm2pcm
2024-12-08 19:40:02,392 [INFO] IPUIPlugin:74 - create IPUIPlugin
2024-12-08 19:40:02,394 [INFO] PluginManager:213 - loadIPPluginJar : add plateformsettings
2024-12-08 19:40:02,429 [INFO] IPUIPlugin:74 - create IPUIPlugin
2024-12-08 19:40:02,429 [INFO] PluginManager:213 - loadIPPluginJar : add quadspi
2024-12-08 19:40:02,442 [INFO] IPUIPlugin:74 - create IPUIPlugin
2024-12-08 19:40:02,443 [INFO] PluginManager:213 - loadIPPluginJar : add resmgrutility
2024-12-08 19:40:02,509 [INFO] IPUIPlugin:74 - create IPUIPlugin
2024-12-08 19:40:02,509 [INFO] PluginManager:213 - loadIPPluginJar : add sai
2024-12-08 19:40:02,559 [INFO] IPUIPlugin:74 - create IPUIPlugin
2024-12-08 19:40:02,560 [INFO] PluginManager:213 - loadIPPluginJar : add spi
2024-12-08 19:40:02,623 [INFO] IPUIPlugin:74 - create IPUIPlugin
2024-12-08 19:40:02,623 [INFO] PluginManager:213 - loadIPPluginJar : add stm32_wpan
2024-12-08 19:40:02,676 [INFO] IPUIPlugin:74 - create IPUIPlugin
2024-12-08 19:40:02,676 [INFO] PluginManager:213 - loadIPPluginJar : add tim
2024-12-08 19:40:02,791 [INFO] IPUIPlugin:74 - create IPUIPlugin
2024-12-08 19:40:02,791 [INFO] PluginManager:213 - loadIPPluginJar : add touchsensing
2024-12-08 19:40:02,845 [INFO] IPUIPlugin:74 - create IPUIPlugin
2024-12-08 19:40:02,845 [INFO] PluginManager:213 - loadIPPluginJar : add tracer_emb
2024-12-08 19:40:02,916 [INFO] IPUIPlugin:74 - create IPUIPlugin
2024-12-08 19:40:02,916 [INFO] PluginManager:213 - loadIPPluginJar : add ts
2024-12-08 19:40:02,982 [INFO] IPUIPlugin:74 - create IPUIPlugin
2024-12-08 19:40:02,984 [INFO] PluginManager:213 - loadIPPluginJar : add tsc
2024-12-08 19:40:03,037 [INFO] IPUIPlugin:74 - create IPUIPlugin
2024-12-08 19:40:03,037 [INFO] PluginManager:213 - loadIPPluginJar : add ucpd
2024-12-08 19:40:03,117 [INFO] IPUIPlugin:74 - create IPUIPlugin
2024-12-08 19:40:03,117 [INFO] PluginManager:213 - loadIPPluginJar : add usart
2024-12-08 19:40:03,177 [INFO] IPUIPlugin:74 - create IPUIPlugin
2024-12-08 19:40:03,177 [INFO] PluginManager:213 - loadIPPluginJar : add usbx
2024-12-08 19:40:03,407 [INFO] ThirdPartyUpdaterWithRetryManager:66 - Updater plugin not ready yet. [2/15]
2024-12-08 19:40:03,462 [FATAL] Updater:294 - Updater called before beeing initialized
2024-12-08 19:40:03,550 [FATAL] Updater:294 - Updater called before beeing initialized
2024-12-08 19:40:03,560 [INFO] DbMcusAds:47 - JSON generation date=Fri Sep 20 20:04:38 ICT 2024 (1726837478367)
2024-12-08 19:40:03,560 [FATAL] Updater:294 - Updater called before beeing initialized
2024-12-08 19:40:03,594 [WARN] DetailPanel:314 - Failed to get advertising image, set to default
2024-12-08 19:40:03,671 [FATAL] Updater:294 - Updater called before beeing initialized
2024-12-08 19:40:03,673 [FATAL] Updater:294 - Updater called before beeing initialized
2024-12-08 19:40:03,673 [FATAL] Updater:294 - Updater called before beeing initialized
2024-12-08 19:40:03,673 [WARN] DetailPanel:314 - Failed to get advertising image, set to default
2024-12-08 19:40:03,674 [FATAL] Updater:294 - Updater called before beeing initialized
2024-12-08 19:40:03,720 [ERROR] Updater:1075 - MainUpdater not yet initialized. External WinMGr cannot be set.
2024-12-08 19:40:03,730 [INFO] Updater:1012 - Updater Version found : 6.3.0
2024-12-08 19:40:03,750 [INFO] ApplicationProperties:181 - Using Application install path: C:\ST\STM32CubeIDE_1.7.0\STM32CubeIDE\plugins\com.st.stm32cube.common.mx_6.3.0.202107141111
2024-12-08 19:40:04,003 [INFO] MainUpdater:2671 - connection check result : 10
2024-12-08 19:40:04,004 [INFO] MainUpdater:3359 - Updater definition file requires update
2024-12-08 19:40:04,007 [INFO] MainUpdater:265 - Updater Check For Update Now.
2024-12-08 19:40:04,008 [INFO] MicroXplorer:478 - Change Database Version : DB.6.0.30
2024-12-08 19:40:04,178 [INFO] ServerAccessManage:362 - Download File updaters.zip
2024-12-08 19:40:04,320 [INFO] FileExtend:235 - Unzip File : updaters.zip
2024-12-08 19:40:04,320 [INFO] FileExtend:250 - Standard Zip Deflate
2024-12-08 19:40:05,134 [INFO] ServerAccessManage:362 - Download File PacksControlFlags.xml
2024-12-08 19:40:05,401 [INFO] ServerAccessManage:362 - Download File cubemx.pidx
2024-12-08 19:40:06,234 [INFO] ServerAccessManage:362 - Download File STMicroelectronics.X-CUBE-BLEMGR.pdsc
2024-12-08 19:40:06,411 [WARN] MainUpdater:1122 - Updater busy. Cannot search thirdparties
2024-12-08 19:40:06,412 [INFO] ThirdPartyUpdaterWithRetryManager:92 - Updater plugin is busy. [1/15]
2024-12-08 19:40:07,415 [ERROR] ServerAccessManage:974 - Problem, file not found on Server
2024-12-08 19:40:09,412 [WARN] MainUpdater:1122 - Updater busy. Cannot search thirdparties
2024-12-08 19:40:09,412 [INFO] ThirdPartyUpdaterWithRetryManager:92 - Updater plugin is busy. [2/15]
2024-12-08 19:40:10,000 [WARN] PopulateThirdPartyThread:100 - Error when creating pack: C:/Users/ADMIN/.stm32cubemx/thirdparties/pdsc/STMicroelectronics.X-CUBE-BLEMGR.pdsc
2024-12-08 19:40:10,000 [INFO] PopulateThirdPartyThread:60 - Ending populate Thread
2024-12-08 19:40:10,000 [INFO] LoadServerUpdatesThread:339 - End of LoadServerUpdate Thread
2024-12-08 19:40:10,191 [INFO] CheckServerUpdateThread:112 - End of CheckServer Thread
2024-12-08 19:40:10,204 [INFO] MainUpdater:2671 - connection check result : 10
2024-12-08 19:40:10,229 [INFO] McuFinderGlobals:52 - Set McuFinderConnectedMode to true
2024-12-08 19:40:10,547 [INFO] ServerAccessManage:362 - Download File mcusAds.json._tmp_
2024-12-08 19:40:10,665 [INFO] LoadUrlFilesThread:145 - End of LoadUrlFiles Thread
2024-12-08 19:40:11,489 [INFO] ServerAccessManage:362 - Download File mcusDocs.json._tmp_
2024-12-08 19:40:12,199 [INFO] LoadUrlFilesThread:145 - End of LoadUrlFiles Thread
2024-12-08 19:40:12,424 [WARN] MainUpdater:1122 - Updater busy. Cannot search thirdparties
2024-12-08 19:40:12,424 [INFO] ThirdPartyUpdaterWithRetryManager:92 - Updater plugin is busy. [3/15]
2024-12-08 19:40:12,991 [INFO] ServerAccessManage:362 - Download File mcusFeaturesAndDescription.json._tmp_
2024-12-08 19:40:15,430 [WARN] MainUpdater:1122 - Updater busy. Cannot search thirdparties
2024-12-08 19:40:15,430 [INFO] ThirdPartyUpdaterWithRetryManager:92 - Updater plugin is busy. [4/15]
2024-12-08 19:40:15,447 [INFO] LoadUrlFilesThread:145 - End of LoadUrlFiles Thread
2024-12-08 19:40:16,834 [INFO] ServerAccessManage:362 - Download File boardsDocs.json._tmp_
2024-12-08 19:40:16,954 [INFO] LoadUrlFilesThread:145 - End of LoadUrlFiles Thread
2024-12-08 19:40:18,010 [INFO] ServerAccessManage:362 - Download File boards.json._tmp_
2024-12-08 19:40:18,432 [WARN] MainUpdater:1122 - Updater busy. Cannot search thirdparties
2024-12-08 19:40:18,432 [INFO] ThirdPartyUpdaterWithRetryManager:92 - Updater plugin is busy. [5/15]
2024-12-08 19:40:18,481 [INFO] LoadUrlFilesThread:145 - End of LoadUrlFiles Thread
2024-12-08 19:40:18,651 [INFO] ServerAccessManage:362 - Download File cube-finder-db.zip
2024-12-08 19:40:21,437 [WARN] MainUpdater:1122 - Updater busy. Cannot search thirdparties
2024-12-08 19:40:21,437 [INFO] ThirdPartyUpdaterWithRetryManager:92 - Updater plugin is busy. [6/15]
2024-12-08 19:40:24,442 [WARN] MainUpdater:1122 - Updater busy. Cannot search thirdparties
2024-12-08 19:40:24,442 [INFO] ThirdPartyUpdaterWithRetryManager:92 - Updater plugin is busy. [7/15]
2024-12-08 19:40:24,682 [INFO] FileExtend:235 - Unzip File : cube-finder-db.zip
2024-12-08 19:40:24,683 [INFO] FileExtend:250 - Standard Zip Deflate
2024-12-08 19:40:25,504 [INFO] LoadUrlFilesThread:145 - End of LoadUrlFiles Thread
2024-12-08 19:40:27,444 [WARN] MainUpdater:1122 - Updater busy. Cannot search thirdparties
2024-12-08 19:40:27,444 [INFO] ThirdPartyUpdaterWithRetryManager:92 - Updater plugin is busy. [8/15]
2024-12-08 19:40:28,278 [INFO] ServerAccessManage:362 - Download File crdb.zip
2024-12-08 19:40:29,420 [INFO] FileExtend:235 - Unzip File : crdb.zip
2024-12-08 19:40:29,421 [INFO] FileExtend:250 - Standard Zip Deflate
2024-12-08 19:40:29,560 [INFO] LoadUrlFilesThread:145 - End of LoadUrlFiles Thread
2024-12-08 19:40:29,755 [INFO] ServerAccessManage:362 - Download File tutoVideoDB.zip
2024-12-08 19:40:29,805 [INFO] FileExtend:235 - Unzip File : tutoVideoDB.zip
2024-12-08 19:40:29,805 [INFO] FileExtend:250 - Standard Zip Deflate
2024-12-08 19:40:29,938 [INFO] LoadUrlFilesThread:145 - End of LoadUrlFiles Thread
2024-12-08 19:40:29,938 [INFO] DbMcusAds:47 - JSON generation date=Fri Sep 20 20:04:23 ICT 2024 (1726837463113)
2024-12-08 19:40:29,951 [INFO] DbMcusDocs:143 - JSON generation date=Tue Nov 16 23:17:54 ICT 2021 (1637079474)
2024-12-08 19:40:29,951 [INFO] DbMcusXml:100 - Load MCU database from C:\ST\STM32CubeIDE_1.7.0\STM32CubeIDE\plugins\com.st.stm32cube.common.mx_6.3.0.202107141111\\db\/mcu/families.xml
2024-12-08 19:40:30,558 [INFO] DbMcusJson:93 - JSON generation date=Tue Nov 16 23:17:54 ICT 2021 (1637079474)
2024-12-08 19:40:30,566 [ERROR] Engine:463 - C:\Users\ADMIN\.stm32cubemx\thirdparties\pdsc\STMicroelectronics.FP-SNS-MOTENVWB1.1.4.0.pdsc: PDSC version is not supported
2024-12-08 19:40:30,592 [WARN] PackLoader:238 - Cannot read IP mode file for STMicroelectronics.FP-ATR-ASTRA1.2.0.1
2024-12-08 19:40:30,608 [ERROR] Engine:463 - C:\Users\ADMIN\.stm32cubemx\thirdparties\pdsc\STMicroelectronics.X-CUBE-SMBUS.2.1.0.pdsc: PDSC version is not supported
2024-12-08 19:40:30,627 [WARN] PackLoader:238 - Cannot read IP mode file for STMicroelectronics.X-CUBE-WB05N.1.1.0
2024-12-08 19:40:30,666 [WARN] PackLoader:238 - Cannot read IP mode file for STMicroelectronics.X-CUBE-AZRTOS-F7.1.1.0
2024-12-08 19:40:30,672 [ERROR] Engine:463 - C:\Users\ADMIN\.stm32cubemx\thirdparties\pdsc\STMicroelectronics.FP-SNS-FLIGHT1.5.0.2.pdsc: PDSC version is not supported
2024-12-08 19:40:30,682 [ERROR] Engine:463 - C:\Users\ADMIN\.stm32cubemx\thirdparties\pdsc\STMicroelectronics.X-CUBE-DISPLAY.3.0.0.pdsc: PDSC version is not supported
2024-12-08 19:40:30,695 [WARN] PackLoader:238 - Cannot read IP mode file for STMicroelectronics.X-CUBE-BLE1.7.0.0
2024-12-08 19:40:30,708 [WARN] PackLoader:238 - Cannot read IP mode file for STMicroelectronics.X-CUBE-NFC10.1.0.0
2024-12-08 19:40:30,713 [ERROR] Engine:463 - C:\Users\ADMIN\.stm32cubemx\thirdparties\pdsc\STMicroelectronics.X-CUBE-BLEMGR.4.0.0.pdsc: PDSC version is not supported
2024-12-08 19:40:30,724 [ERROR] Engine:463 - C:\Users\ADMIN\.stm32cubemx\thirdparties\pdsc\emotas.I-CUBE-CANOPEN.1.3.0.pdsc: PDSC version is not supported
2024-12-08 19:40:30,777 [ERROR] Engine:463 - C:\Users\ADMIN\.stm32cubemx\thirdparties\pdsc\STMicroelectronics.X-CUBE-BLEMGR.3.1.0.pdsc: PDSC version is not supported
2024-12-08 19:40:30,788 [ERROR] Engine:463 - C:\Users\ADMIN\.stm32cubemx\thirdparties\pdsc\STMicroelectronics.FP-SNS-SMARTAG2.1.2.0.pdsc: PDSC version is not supported
2024-12-08 19:40:30,804 [INFO] LogOutputStream:76 - [STDOUT_REDIRECT] 1 : Invalid condition id : UX_CORESTACK_Condition cause : null
2024-12-08 19:40:30,806 [INFO] LogOutputStream:76 - [STDOUT_REDIRECT] 1 : Invalid condition id : UX_CORESTACK_Condition cause : null
2024-12-08 19:40:30,806 [INFO] LogOutputStream:76 - [STDOUT_REDIRECT] 1 : Invalid condition id : UX_CORESTACK_Condition cause : null
2024-12-08 19:40:30,807 [INFO] LogOutputStream:76 - [STDOUT_REDIRECT] 1 : Invalid condition id : UX_CORESTACK_Condition cause : null
2024-12-08 19:40:30,807 [INFO] LogOutputStream:76 - [STDOUT_REDIRECT] 1 : Invalid condition id : UX_CORESTACK_Condition cause : null
2024-12-08 19:40:30,810 [WARN] PackLoader:238 - Cannot read IP mode file for STMicroelectronics.X-CUBE-AZRTOS-WL.2.0.0
2024-12-08 19:40:30,822 [ERROR] Engine:463 - C:\Users\ADMIN\.stm32cubemx\thirdparties\pdsc\STMicroelectronics.FP-SNS-MOTENV1.5.0.0.pdsc: PDSC version is not supported
2024-12-08 19:40:30,824 [WARN] PackLoader:238 - Cannot read IP mode file for wolfSSL.I-CUBE-wolfMQTT.1.19.0
2024-12-08 19:40:30,837 [WARN] PackLoader:238 - Cannot read IP mode file for WES.I-CUBE-Cesium.1.3.0
2024-12-08 19:40:30,848 [WARN] PackLoader:238 - Cannot read IP mode file for STMicroelectronics.X-CUBE-BLE2.3.3.0
2024-12-08 19:40:30,862 [WARN] PackLoader:238 - Cannot read IP mode file for STMicroelectronics.X-CUBE-NFC9.1.0.0
2024-12-08 19:40:30,873 [ERROR] Engine:463 - C:\Users\ADMIN\.stm32cubemx\thirdparties\pdsc\STMicroelectronics.X-CUBE-TCPP.4.1.0.pdsc: PDSC version is not supported
2024-12-08 19:40:30,939 [WARN] PackLoader:238 - Cannot read IP mode file for STMicroelectronics.X-CUBE-AZRTOS-G0.1.1.0
2024-12-08 19:40:30,962 [WARN] PackLoader:238 - Cannot read IP mode file for STMicroelectronics.X-CUBE-SAFEA1.1.2.2
2024-12-08 19:40:30,988 [WARN] PackLoader:238 - Cannot read IP mode file for STMicroelectronics.X-CUBE-NFC4.3.0.0
2024-12-08 19:40:31,002 [ERROR] Engine:463 - C:\Users\ADMIN\.stm32cubemx\thirdparties\pdsc\EmbeddedOffice.I-CUBE-FS-RTOS.1.0.1.pdsc: PDSC version is not supported
2024-12-08 19:40:31,016 [ERROR] Engine:463 - C:\Users\ADMIN\.stm32cubemx\thirdparties\pdsc\RealThread.X-CUBE-RT-Thread_Nano.4.1.1.pdsc: PDSC version is not supported
2024-12-08 19:40:31,020 [WARN] PackLoader:238 - Cannot read IP mode file for STMicroelectronics.FP-ATR-SIGFOX1.3.2.0
2024-12-08 19:40:31,023 [ERROR] Engine:463 - C:\Users\ADMIN\.stm32cubemx\thirdparties\pdsc\quantropi.X-CUBE-qispace-sdk-base.1.9.3.pdsc: PDSC version is not supported
2024-12-08 19:40:31,040 [WARN] PackLoader:238 - Cannot read IP mode file for STMicroelectronics.X-CUBE-EEPRMA1.5.1.0
2024-12-08 19:40:31,057 [ERROR] Engine:463 - C:\Users\ADMIN\.stm32cubemx\thirdparties\pdsc\ITTIA_DB.I-CUBE-ITTIADB.8.9.0.pdsc: PDSC version is not supported
2024-12-08 19:40:31,144 [WARN] PackLoader:238 - Cannot read IP mode file for SEGGER.I-CUBE-embOS.1.3.1
2024-12-08 19:40:31,148 [INFO] DbMcus:175 - Found 1951 MCUs (1903 are supported by CubeMX, 1914 are visible in CubeMX)
2024-12-08 19:40:31,149 [INFO] ApiDb:251 - Load user favorites file C:\Users\ADMIN/.stm32cubeide/favorites.mcus.txt: 0 item(s)
2024-12-08 19:40:31,150 [INFO] ApiDb:255 - User favorites MCUs=[]
2024-12-08 19:40:31,150 [INFO] DbMcus:187 - Set 0 / 0 favorites MCUs
2024-12-08 19:40:31,199 [WARN] PackLoader:238 - Cannot read IP mode file for STMicroelectronics.X-CUBE-ALGOBUILD.1.4.0
2024-12-08 19:40:31,214 [WARN] PackLoader:238 - Cannot read IP mode file for STMicroelectronics.X-CUBE-AI.9.1.0
2024-12-08 19:40:31,250 [WARN] PackLoader:238 - Cannot read IP mode file for STMicroelectronics.X-CUBE-AZRTOS-F4.1.1.0
2024-12-08 19:40:31,263 [ERROR] Engine:463 - C:\Users\ADMIN\.stm32cubemx\thirdparties\pdsc\STMicroelectronics.X-CUBE-FREERTOS.1.2.0.pdsc: PDSC version is not supported
2024-12-08 19:40:31,312 [WARN] PackLoader:238 - Cannot read IP mode file for STMicroelectronics.X-CUBE-AZRTOS-L5.2.0.0
2024-12-08 19:40:31,331 [WARN] PackLoader:238 - Cannot read IP mode file for STMicroelectronics.X-CUBE-NFC6.3.1.0
2024-12-08 19:40:31,345 [WARN] PackLoader:238 - Cannot read IP mode file for STMicroelectronics.X-CUBE-AI.9.0.0
2024-12-08 19:40:31,359 [WARN] PackLoader:238 - Cannot read IP mode file for STMicroelectronics.X-CUBE-NFC7.1.0.1
2024-12-08 19:40:31,388 [WARN] ConditionMgr:437 - getConditionDescription Invalid condition id : LAN8742 Phy interface Condition cause : null
2024-12-08 19:40:31,389 [WARN] PackLoader:238 - Cannot read IP mode file for STMicroelectronics.X-CUBE-AZRTOS-L4.2.0.0
2024-12-08 19:40:31,391 [WARN] ConditionMgr:1038 - genDependencies : Invalid condition id : LAN8742 Phy interface Condition cause : null
2024-12-08 19:40:31,391 [WARN] ConditionMgr:1038 - genDependencies : Invalid condition id : LAN8742 Phy interface Condition cause : null
2024-12-08 19:40:31,391 [WARN] ConditionMgr:1038 - genDependencies : Invalid condition id : LAN8742 Phy interface Condition cause : null
2024-12-08 19:40:31,421 [WARN] PackLoader:238 - Cannot read IP mode file for STMicroelectronics.X-CUBE-SFXS2LP1.4.0.0
2024-12-08 19:40:31,433 [ERROR] Engine:463 - C:\Users\ADMIN\.stm32cubemx\thirdparties\pdsc\STMicroelectronics.X-CUBE-IPS.3.0.0.pdsc: PDSC version is not supported
2024-12-08 19:40:31,439 [INFO] DbMcusDocs:79 - Found 682 MCUs documents
2024-12-08 19:40:31,441 [INFO] ApiDb:276 - Save user favorites file C:\Users\ADMIN/.stm32cubeide/favorites.mcus.txt: 0 item(s)
2024-12-08 19:40:31,441 [INFO] ApiDb:280 - User favorites MCUs=[]
2024-12-08 19:40:31,441 [INFO] DbMcusXml:100 - Load MCU database from C:\ST\STM32CubeIDE_1.7.0\STM32CubeIDE\plugins\com.st.stm32cube.common.mx_6.3.0.202107141111\\db\/mcu/families.xml
2024-12-08 19:40:31,453 [WARN] ConditionMgr:437 - getConditionDescription Invalid condition id : UX DEVICE CLASS RTOS Condition cause : null
2024-12-08 19:40:31,453 [WARN] ConditionMgr:437 - getConditionDescription Invalid condition id : UX DEVICE CLASS RTOS Condition cause : null
2024-12-08 19:40:31,455 [WARN] PackLoader:238 - Cannot read IP mode file for STMicroelectronics.X-CUBE-AZRTOS-WB.2.0.0
2024-12-08 19:40:31,455 [WARN] ConditionMgr:1038 - genDependencies : Invalid condition id : UX DEVICE CLASS RTOS Condition cause : null
2024-12-08 19:40:31,455 [WARN] ConditionMgr:1038 - genDependencies : Invalid condition id : UX DEVICE CLASS RTOS Condition cause : null
2024-12-08 19:40:31,456 [WARN] ConditionMgr:1038 - genDependencies : Invalid condition id : UX DEVICE CLASS RTOS Condition cause : null
2024-12-08 19:40:31,456 [WARN] ConditionMgr:1038 - genDependencies : Invalid condition id : UX DEVICE CLASS RTOS Condition cause : null
2024-12-08 19:40:31,456 [WARN] ConditionMgr:1038 - genDependencies : Invalid condition id : UX DEVICE CLASS RTOS Condition cause : null
2024-12-08 19:40:31,473 [WARN] PackLoader:238 - Cannot read IP mode file for STMicroelectronics.X-CUBE-SUBG2.5.0.0
2024-12-08 19:40:31,480 [ERROR] Engine:463 - C:\Users\ADMIN\.stm32cubemx\thirdparties\pdsc\Cesanta.I-CUBE-Mongoose.7.13.0.pdsc: PDSC version is not supported
2024-12-08 19:40:31,503 [WARN] PackLoader:238 - Cannot read IP mode file for STMicroelectronics.X-CUBE-AZRTOS-G4.2.0.0
2024-12-08 19:40:31,523 [ERROR] Engine:463 - C:\Users\ADMIN\.stm32cubemx\thirdparties\pdsc\STMicroelectronics.X-CUBE-ALS.1.0.2.pdsc: PDSC version is not supported
2024-12-08 19:40:31,536 [WARN] PackLoader:238 - Cannot read IP mode file for portGmbH.I-Cube-SoM-uGOAL.1.1.0
2024-12-08 19:40:31,594 [WARN] PackLoader:238 - Cannot read IP mode file for STMicroelectronics.X-CUBE-AZRTOS-H7RS.1.0.0
2024-12-08 19:40:31,604 [WARN] PackLoader:238 - Cannot read IP mode file for STMicroelectronics.FP-ATR-ASTRA1.2.0.0
2024-12-08 19:40:31,624 [ERROR] Engine:463 - C:\Users\ADMIN\.stm32cubemx\thirdparties\pdsc\Infineon.AIROC-Wi-Fi-Bluetooth-STM32.1.6.1.pdsc: PDSC version is not supported
2024-12-08 19:40:31,624 [INFO] ThirdParty:915 - Integrity check success = true
2024-12-08 19:40:31,624 [INFO] IntegrityCheckThread:94 - exiting critical section [integrity check]
2024-12-08 19:40:31,624 [INFO] IntegrityCheckThread:97 - End integrity checks thread
2024-12-08 19:40:32,074 [INFO] DbMcusJson:93 - JSON generation date=Tue Nov 16 23:17:54 ICT 2021 (1637079474)
2024-12-08 19:40:32,556 [INFO] DbMcus:175 - Found 1951 MCUs (1903 are supported by CubeMX, 1914 are visible in CubeMX)
2024-12-08 19:40:32,556 [INFO] ApiDb:251 - Load user favorites file C:\Users\ADMIN/.stm32cubeide/favorites.mcus.txt: 0 item(s)
2024-12-08 19:40:32,556 [INFO] ApiDb:255 - User favorites MCUs=[]
2024-12-08 19:40:32,556 [INFO] DbMcus:187 - Set 0 / 0 favorites MCUs
2024-12-08 19:40:32,556 [INFO] DbBoardsDocs:143 - JSON generation date=Tue Nov 16 23:17:54 ICT 2021 (1637079474)
2024-12-08 19:40:32,584 [INFO] DbBoardsPdsc:90 - Found 25 items
2024-12-08 19:40:32,595 [INFO] DbBoardsPdsc:90 - Found 9 items
2024-12-08 19:40:32,608 [INFO] DbBoardsPdsc:90 - Found 33 items
2024-12-08 19:40:32,619 [INFO] DbBoardsPdsc:90 - Found 1 items
2024-12-08 19:40:32,633 [INFO] DbBoardsPdsc:90 - Found 48 items
2024-12-08 19:40:32,649 [INFO] DbBoardsPdsc:90 - Found 43 items
2024-12-08 19:40:32,661 [INFO] DbBoardsPdsc:90 - Found 2 items
2024-12-08 19:40:32,673 [INFO] DbBoardsPdsc:90 - Found 5 items
2024-12-08 19:40:32,678 [WARN] DbBoardsPdsc:254 - Board STM32H7B3I-DK: unknown feature type=Audio, name=, username=Audio stereo codec with Headphone Amp (CS42L51-CNZ), n=1
2024-12-08 19:40:32,679 [WARN] DbBoardsPdsc:254 - Board STM32H735G-DK: unknown feature type=Audio, name=, username=Audio stereo codec with Headphone Amp (WM8994ECS/R), n=1
2024-12-08 19:40:32,680 [WARN] DbBoardsPdsc:254 - Board STM32H7B3I-EVAL: unknown feature type=Audio, name=, username=Multi-Channel Audio Codec (CS42L51-CNZ), n=1
2024-12-08 19:40:32,680 [WARN] DbBoardsPdsc:254 - Board STM32H7B3I-EVAL: unknown feature type=Meter, name=, username=Power-metering and Temperature-monitoring with sigma-delta modulators, n=1
2024-12-08 19:40:32,680 [WARN] DbBoardsPdsc:254 - Board STM32H7B3I-EVAL: unknown feature type=Motor, name=, username=Motor Control, n=1
2024-12-08 19:40:32,681 [WARN] DbBoardsPdsc:254 - Board STM32U575I-EV: unknown feature type=joystick, name=, username=4-direction joystick with selection button, n=1
2024-12-08 19:40:32,695 [INFO] DbBoardsJson:86 - JSON generation date=Tue Nov 16 23:17:54 ICT 2021 (1637079474)
2024-12-08 19:40:32,701 [INFO] DbBoards:117 - Found 167 boards (163 are supported by CubeMX)
2024-12-08 19:40:32,703 [INFO] DbBoardsDocs:143 - JSON generation date=Tue Nov 16 23:17:54 ICT 2021 (1637079474)
2024-12-08 19:40:32,709 [INFO] DbBoardsDocs:79 - Found 209 boards documents
2024-12-08 19:40:32,710 [WARN] DbBoards:127 - board B-L475E-IOT01A2 has no document id list !
2024-12-08 19:40:32,711 [WARN] DbBoards:127 - board NUCLEO-H743ZI has no document id list !
2024-12-08 19:40:32,712 [WARN] DbBoards:127 - board NUCLEO-WL55JC2 has no document id list !
2024-12-08 19:40:32,712 [WARN] DbBoards:127 - board P-NUCLEO-WB55-Nucleo has no document id list !
2024-12-08 19:40:32,712 [WARN] DbBoards:127 - board P-NUCLEO-WB55-USBDongle has no document id list !
2024-12-08 19:40:32,712 [WARN] DbBoards:127 - board STEVAL-BFA001V1B has no document id list !
2024-12-08 19:40:32,712 [WARN] DbBoards:127 - board STEVAL-BFA001V2B has no document id list !
2024-12-08 19:40:32,712 [WARN] DbBoards:127 - board STEVAL-IDP005V1 has no document id list !
2024-12-08 19:40:32,712 [WARN] DbBoards:127 - board STEVAL-IDP005V2 has no document id list !
2024-12-08 19:40:32,713 [WARN] DbBoards:127 - board STEVAL-MKSBOX1V1 has no document id list !
2024-12-08 19:40:32,713 [WARN] DbBoards:127 - board STEVAL-STWINKT1 has no document id list !
2024-12-08 19:40:32,713 [WARN] DbBoards:127 - board STEVAL-STWINKT1B has no document id list !
2024-12-08 19:40:32,713 [WARN] DbBoards:127 - board STM32439I-EVAL2 has no document id list !
2024-12-08 19:40:32,713 [WARN] DbBoards:127 - board STM32F401C-DISCO has no document id list !
2024-12-08 19:40:32,714 [WARN] DbBoards:127 - board STM32F769I-DISC1 has no document id list !
2024-12-08 19:40:32,714 [WARN] DbBoards:127 - board STM32G474E-EVAL1 has no document id list !
2024-12-08 19:40:32,714 [WARN] DbBoards:127 - board STM32H743I-EVAL2 has no document id list !
2024-12-08 19:40:32,714 [WARN] DbBoards:127 - board STM32H747I-DISC1 has no document id list !
2024-12-08 19:40:32,714 [WARN] DbBoards:127 - board STM32H753I-EVAL2 has no document id list !
2024-12-08 19:40:32,714 [WARN] DbBoards:127 - board STM32L-DISCOVERY has no document id list !
2024-12-08 19:40:32,844 [ERROR] DbBoards:189 - Image file not found for board B-U585I-IOT02A: C:\ST\STM32CubeIDE_1.7.0\STM32CubeIDE\plugins\com.st.stm32cube.common.mx_6.3.0.202107141111\\db\/plugins/mcufinder/images/boards/B-U585I-IOT02A_small.jpg
2024-12-08 19:40:32,941 [ERROR] DbBoards:189 - Image file not found for board NUCLEO-F413ZH: C:\ST\STM32CubeIDE_1.7.0\STM32CubeIDE\plugins\com.st.stm32cube.common.mx_6.3.0.202107141111\\db\/plugins/mcufinder/images/boards/nucleo-f413zh_small.jpg
2024-12-08 19:40:33,096 [ERROR] DbBoards:189 - Image file not found for board NUCLEO-L552ZE-Q: C:\ST\STM32CubeIDE_1.7.0\STM32CubeIDE\plugins\com.st.stm32cube.common.mx_6.3.0.202107141111\\db\/plugins/mcufinder/images/boards/nucleo_l552ze_q_small.jpg
2024-12-08 19:40:33,096 [ERROR] DbBoards:189 - Image file not found for board NUCLEO-U575ZI-Q: C:\ST\STM32CubeIDE_1.7.0\STM32CubeIDE\plugins\com.st.stm32cube.common.mx_6.3.0.202107141111\\db\/plugins/mcufinder/images/boards/nucleo-u575zi-q_small.jpg
2024-12-08 19:40:33,096 [ERROR] DbBoards:189 - Image file not found for board NUCLEO-WB15CC: C:\ST\STM32CubeIDE_1.7.0\STM32CubeIDE\plugins\com.st.stm32cube.common.mx_6.3.0.202107141111\\db\/plugins/mcufinder/images/boards/nucleo-wb15cc_small.jpg
2024-12-08 19:40:33,096 [ERROR] DbBoards:189 - Image file not found for board NUCLEO-WB55RG: C:\ST\STM32CubeIDE_1.7.0\STM32CubeIDE\plugins\com.st.stm32cube.common.mx_6.3.0.202107141111\\db\/plugins/mcufinder/images/boards/nucleo-wb55rg_small.jpg
2024-12-08 19:40:34,081 [INFO] ApiDb:251 - Load user favorites file C:\Users\ADMIN/.stm32cubeide/favorites.boards.txt: 0 item(s)
2024-12-08 19:40:34,081 [INFO] ApiDb:255 - User favorites Boards=[]
2024-12-08 19:40:34,082 [INFO] DbBoards:206 - Set 0 / 0 favorites Boards
2024-12-08 19:40:34,084 [INFO] DbBoardsDocs:79 - Found 418 boards documents
2024-12-08 19:40:34,085 [INFO] ApiDb:276 - Save user favorites file C:\Users\ADMIN/.stm32cubeide/favorites.boards.txt: 0 item(s)
2024-12-08 19:40:34,085 [INFO] ApiDb:280 - User favorites Boards=[]
2024-12-08 19:40:34,087 [INFO] DbBoardsPdsc:90 - Found 25 items
2024-12-08 19:40:34,088 [INFO] DbBoardsPdsc:90 - Found 9 items
2024-12-08 19:40:34,090 [INFO] DbBoardsPdsc:90 - Found 33 items
2024-12-08 19:40:34,091 [INFO] DbBoardsPdsc:90 - Found 1 items
2024-12-08 19:40:34,094 [INFO] DbBoardsPdsc:90 - Found 48 items
2024-12-08 19:40:34,098 [INFO] DbBoardsPdsc:90 - Found 43 items
2024-12-08 19:40:34,099 [INFO] DbBoardsPdsc:90 - Found 2 items
2024-12-08 19:40:34,100 [INFO] DbBoardsPdsc:90 - Found 5 items
2024-12-08 19:40:34,101 [WARN] DbBoardsPdsc:254 - Board STM32H7B3I-DK: unknown feature type=Audio, name=, username=Audio stereo codec with Headphone Amp (CS42L51-CNZ), n=1
2024-12-08 19:40:34,101 [WARN] DbBoardsPdsc:254 - Board STM32H735G-DK: unknown feature type=Audio, name=, username=Audio stereo codec with Headphone Amp (WM8994ECS/R), n=1
2024-12-08 19:40:34,103 [WARN] DbBoardsPdsc:254 - Board STM32H7B3I-EVAL: unknown feature type=Audio, name=, username=Multi-Channel Audio Codec (CS42L51-CNZ), n=1
2024-12-08 19:40:34,103 [WARN] DbBoardsPdsc:254 - Board STM32H7B3I-EVAL: unknown feature type=Meter, name=, username=Power-metering and Temperature-monitoring with sigma-delta modulators, n=1
2024-12-08 19:40:34,103 [WARN] DbBoardsPdsc:254 - Board STM32H7B3I-EVAL: unknown feature type=Motor, name=, username=Motor Control, n=1
2024-12-08 19:40:34,103 [WARN] DbBoardsPdsc:254 - Board STM32U575I-EV: unknown feature type=joystick, name=, username=4-direction joystick with selection button, n=1
2024-12-08 19:40:34,127 [INFO] DbBoardsJson:86 - JSON generation date=Tue Nov 16 23:17:54 ICT 2021 (1637079474)
2024-12-08 19:40:34,131 [INFO] DbBoards:117 - Found 167 boards (163 are supported by CubeMX)
2024-12-08 19:40:34,133 [WARN] DbBoards:127 - board B-L475E-IOT01A2 has no document id list !
2024-12-08 19:40:34,133 [WARN] DbBoards:127 - board NUCLEO-H743ZI has no document id list !
2024-12-08 19:40:34,134 [WARN] DbBoards:127 - board NUCLEO-WL55JC2 has no document id list !
2024-12-08 19:40:34,134 [WARN] DbBoards:127 - board P-NUCLEO-WB55-Nucleo has no document id list !
2024-12-08 19:40:34,134 [WARN] DbBoards:127 - board P-NUCLEO-WB55-USBDongle has no document id list !
2024-12-08 19:40:34,134 [WARN] DbBoards:127 - board STEVAL-BFA001V1B has no document id list !
2024-12-08 19:40:34,134 [WARN] DbBoards:127 - board STEVAL-BFA001V2B has no document id list !
2024-12-08 19:40:34,134 [WARN] DbBoards:127 - board STEVAL-IDP005V1 has no document id list !
2024-12-08 19:40:34,134 [WARN] DbBoards:127 - board STEVAL-IDP005V2 has no document id list !
2024-12-08 19:40:34,134 [WARN] DbBoards:127 - board STEVAL-MKSBOX1V1 has no document id list !
2024-12-08 19:40:34,134 [WARN] DbBoards:127 - board STEVAL-STWINKT1 has no document id list !
2024-12-08 19:40:34,134 [WARN] DbBoards:127 - board STEVAL-STWINKT1B has no document id list !
2024-12-08 19:40:34,134 [WARN] DbBoards:127 - board STM32439I-EVAL2 has no document id list !
2024-12-08 19:40:34,134 [WARN] DbBoards:127 - board STM32F401C-DISCO has no document id list !
2024-12-08 19:40:34,134 [WARN] DbBoards:127 - board STM32F769I-DISC1 has no document id list !
2024-12-08 19:40:34,134 [WARN] DbBoards:127 - board STM32G474E-EVAL1 has no document id list !
2024-12-08 19:40:34,134 [WARN] DbBoards:127 - board STM32H743I-EVAL2 has no document id list !
2024-12-08 19:40:34,134 [WARN] DbBoards:127 - board STM32H747I-DISC1 has no document id list !
2024-12-08 19:40:34,134 [WARN] DbBoards:127 - board STM32H753I-EVAL2 has no document id list !
2024-12-08 19:40:34,134 [WARN] DbBoards:127 - board STM32L-DISCOVERY has no document id list !
2024-12-08 19:40:34,225 [ERROR] DbBoards:189 - Image file not found for board B-U585I-IOT02A: C:\ST\STM32CubeIDE_1.7.0\STM32CubeIDE\plugins\com.st.stm32cube.common.mx_6.3.0.202107141111\\db\/plugins/mcufinder/images/boards/B-U585I-IOT02A_small.jpg
2024-12-08 19:40:34,335 [ERROR] DbBoards:189 - Image file not found for board NUCLEO-F413ZH: C:\ST\STM32CubeIDE_1.7.0\STM32CubeIDE\plugins\com.st.stm32cube.common.mx_6.3.0.202107141111\\db\/plugins/mcufinder/images/boards/nucleo-f413zh_small.jpg
2024-12-08 19:40:34,559 [ERROR] DbBoards:189 - Image file not found for board NUCLEO-L552ZE-Q: C:\ST\STM32CubeIDE_1.7.0\STM32CubeIDE\plugins\com.st.stm32cube.common.mx_6.3.0.202107141111\\db\/plugins/mcufinder/images/boards/nucleo_l552ze_q_small.jpg
2024-12-08 19:40:34,559 [ERROR] DbBoards:189 - Image file not found for board NUCLEO-U575ZI-Q: C:\ST\STM32CubeIDE_1.7.0\STM32CubeIDE\plugins\com.st.stm32cube.common.mx_6.3.0.202107141111\\db\/plugins/mcufinder/images/boards/nucleo-u575zi-q_small.jpg
2024-12-08 19:40:34,559 [ERROR] DbBoards:189 - Image file not found for board NUCLEO-WB15CC: C:\ST\STM32CubeIDE_1.7.0\STM32CubeIDE\plugins\com.st.stm32cube.common.mx_6.3.0.202107141111\\db\/plugins/mcufinder/images/boards/nucleo-wb15cc_small.jpg
2024-12-08 19:40:34,559 [ERROR] DbBoards:189 - Image file not found for board NUCLEO-WB55RG: C:\ST\STM32CubeIDE_1.7.0\STM32CubeIDE\plugins\com.st.stm32cube.common.mx_6.3.0.202107141111\\db\/plugins/mcufinder/images/boards/nucleo-wb55rg_small.jpg
2024-12-08 19:40:35,206 [INFO] ApiDb:251 - Load user favorites file C:\Users\ADMIN/.stm32cubeide/favorites.boards.txt: 0 item(s)
2024-12-08 19:40:35,206 [INFO] ApiDb:255 - User favorites Boards=[]
2024-12-08 19:40:35,206 [INFO] DbBoards:206 - Set 0 / 0 favorites Boards
2024-12-08 19:40:35,212 [INFO] LoadUrlFilesThread:172 - End of LoadServerUrlFiles without Thread
2024-12-08 19:40:35,213 [INFO] TargetSelectorAdapter:224 - Refresh data is successful
2024-12-08 19:40:35,329 [INFO] ApiDb:479 - Connected to CubeFinder SQLite database (C:\Users\ADMIN\.stmcufinder\plugins\mcufinder\mcu\cube-finder-db.db)
2024-12-08 19:40:36,152 [ERROR] DbExamplesSqlite:446 - Missing JSON key: board_cpn
2024-12-08 19:40:36,153 [ERROR] DbExamplesSqlite:446 - Missing JSON key: board_cpn
2024-12-08 19:40:36,153 [ERROR] DbExamplesSqlite:446 - Missing JSON key: board_cpn
2024-12-08 19:40:36,153 [ERROR] DbExamplesSqlite:446 - Missing JSON key: board_cpn
2024-12-08 19:40:36,280 [ERROR] DbExamplesSqlite:446 - Missing JSON key: board_cpn
2024-12-08 19:40:36,281 [ERROR] DbExamplesSqlite:446 - Missing JSON key: board_cpn
2024-12-08 19:40:36,281 [ERROR] DbExamplesSqlite:446 - Missing JSON key: board_cpn
2024-12-08 19:40:36,281 [ERROR] DbExamplesSqlite:446 - Missing JSON key: board_cpn
2024-12-08 19:40:36,281 [ERROR] DbExamplesSqlite:446 - Missing JSON key: board_cpn
2024-12-08 19:40:36,282 [ERROR] DbExamplesSqlite:446 - Missing JSON key: board_cpn
2024-12-08 19:40:36,282 [ERROR] DbExamplesSqlite:446 - Missing JSON key: board_cpn
2024-12-08 19:40:36,282 [ERROR] DbExamplesSqlite:446 - Missing JSON key: board_cpn
2024-12-08 19:40:36,282 [ERROR] DbExamplesSqlite:446 - Missing JSON key: board_cpn
2024-12-08 19:40:36,387 [INFO] DbExamplesSqlite:411 - Ignored 77 examples not supported by CubeIDE
2024-12-08 19:40:36,387 [INFO] DbExamplesSqlite:412 - Found 10474 examples active
2024-12-08 19:40:36,387 [INFO] DbExamplesSqlite:413 - Found 0 examples obsolete
2024-12-08 19:40:36,387 [INFO] DbExamplesSqlite:414 - Found 0 examples under development
2024-12-08 19:40:36,387 [INFO] DbExamplesSqlite:415 - Found 43 examples not building
2024-12-08 19:40:36,448 [INFO] DbExamplesSqlite:108 - CubeFinder database Data Model version=2.1
2024-12-08 19:40:36,448 [INFO] DbExamplesSqlite:109 - CubeFinder database Configuration version=3.0.39
2024-12-08 19:40:36,448 [INFO] DbExamplesSqlite:110 - CubeFinder database generation date=2024-11-21 (1732182206)
2024-12-08 19:40:36,448 [INFO] DbExamplesSqlite:111 - CubeFinder database FW Pack versions=[FP-ATR-ASTRA1_V2.0.0, FP-SNS-FLIGHT1_V5.0.2, FP-SNS-MOTENV1_V5.0.0, FP-SNS-MOTENVWB1_V1.4.0, FP-SNS-SMARTAG2_V1.2.0, FP-SNS-STBOX1_V2.0.0, STM32Cube_FW_C0_V1.3.0, STM32Cube_FW_F4_V1.28.1, STM32Cube_FW_F7_V1.17.2, STM32Cube_FW_G0_V1.6.2, STM32Cube_FW_G4_V1.6.1, STM32Cube_FW_H5_V1.4.0, STM32Cube_FW_H7RS_V1.1.0, STM32Cube_FW_H7_V1.12.0, STM32Cube_FW_L0_V1.12.2, STM32Cube_FW_L4_V1.18.1, STM32Cube_FW_L5_V1.5.1, STM32Cube_FW_N6_V1.0.0, STM32Cube_FW_U0_V1.2.0, STM32Cube_FW_U3_V1.0.0, STM32Cube_FW_U5_V1.7.0, STM32Cube_FW_WB0_V1.1.0, STM32Cube_FW_WBA_V1.5.0, STM32Cube_FW_WB_V1.21.0, STM32Cube_FW_WL3_V1.0.0, STM32Cube_FW_WL_V1.3.0, X-CUBE-ALGOBUILD_V1.4.0, X-CUBE-ALS_V1.0.2, X-CUBE-AZRTOS-F4_V1.1.0, X-CUBE-AZRTOS-F7_V1.1.0, X-CUBE-AZRTOS-G0_V1.1.0, X-CUBE-AZRTOS-G4_V2.0.0, X-CUBE-AZRTOS-H7RS_V1.0.0, X-CUBE-AZRTOS-H7_V3.3.0, X-CUBE-AZRTOS-L4_V2.0.0, X-CUBE-AZRTOS-L5_V2.0.0, X-CUBE-AZRTOS-WB_V2.0.0, X-CUBE-AZRTOS-WL_V2.0.0, X-CUBE-BLE1_V7.0.0, X-CUBE-BLE2_V3.3.0, X-CUBE-BLEMGR_V3.1.0, X-CUBE-EEPRMA1_V5.1.0, X-CUBE-FREERTOS_V1.2.0, X-CUBE-GNSS1_V6.0.0, X-CUBE-MEMS1_V11.0.0, X-CUBE-NFC4_V3.0.0, X-CUBE-NFC7_V1.0.1, X-CUBE-SFXS2LP1_V4.0.0, X-CUBE-SUBG2_V5.0.0, X-CUBE-TOF1_V3.4.2]
2024-12-08 19:40:36,450 [INFO] DbExamples:130 - Found 10440 examples
2024-12-08 19:40:37,153 [ERROR] DbExamples:206 - Found 10440 examples with invalid data (board or MCU)
2024-12-08 19:40:37,153 [INFO] DbExamples:222 - Found 96 boards with related examples
2024-12-08 19:40:37,154 [INFO] DbExamples:235 - Found 0 MCUs with related examples
2024-12-08 19:40:37,175 [INFO] ApiDb:242 - User favorites file not found: C:\Users\ADMIN/.stm32cubeide/favorites.examples.txt
2024-12-08 19:40:37,175 [INFO] DbExamples:256 - Set 0 / 0 favorites Examples
2024-12-08 19:40:37,492 [INFO] McuFinderGlobals:52 - Set McuFinderConnectedMode to false
2024-12-08 19:40:37,573 [INFO] CrossSelectorPresenter:1330 - Cross Selector saved comparison directory: C:\Users\ADMIN\.stmcufinder\plugins\mcufinder\mcu\cs_comparisons_mx
2024-12-08 19:40:37,578 [INFO] MultiScanPanel:197 - Auto-refresh data requested => check proxy status ongoing
2024-12-08 19:40:37,578 [INFO] MultiScanPanel:201 - Proxy status is invalid
2024-12-08 19:40:37,581 [INFO] FinderPluginLoader:87 - Searching for filters in installed packs
2024-12-08 19:40:37,915 [INFO] DetailPanel:309 - Set advertising image to C:/Users/ADMIN/STM32Cube/Repository/\en.prom-stm32c071-usb-memories-mcu-finder.png
2024-12-08 19:41:29,210 [INFO] MainUpdater:2671 - connection check result : 10
2024-12-08 19:41:29,211 [INFO] MainUpdater:2671 - connection check result : 10
2024-12-08 19:41:29,254 [INFO] MicroXplorer:448 - Change Database Path : 
2024-12-08 19:41:29,254 [INFO] MicroXplorer:478 - Change Database Version : DB.6.0.30
2024-12-08 19:41:29,254 [WARN] ThirdParty:813 - waiting for thirdparty lock release [close project]
2024-12-08 19:41:29,254 [INFO] ThirdParty:815 - entering critical section [close project]
2024-12-08 19:41:29,254 [INFO] ThirdParty:825 - exiting critical section [close project]
2024-12-08 19:41:29,254 [INFO] PinOutPanel:1463 - setPackage(No Configuration,No Configuration)
2024-12-08 19:41:29,254 [INFO] UtilMem:74 - Begin LoadConfig() Used Memory: 921514504 Bytes (1073741824)
2024-12-08 19:41:29,254 [INFO] MicroXplorer:448 - Change Database Path : 
2024-12-08 19:41:29,254 [INFO] MicroXplorer:478 - Change Database Version : DB.6.0.30
2024-12-08 19:41:29,254 [INFO] OpenFileManager:313 - Change cursor
2024-12-08 19:41:29,935 [INFO] Context:592 - Trying to add GPIOservice into a context  which must be forbidden
2024-12-08 19:41:30,091 [INFO] ImportTextPane:167 - (OptionalMessage_ERROR) Unable to find key (Mcu.ThirdPartyNb) in loaded IOC file
2024-12-08 19:41:30,091 [INFO] ImportTextPane:167 - (OptionalMessage_ERROR) Unable to find key (Mcu.PinsNb) in loaded IOC file
2024-12-08 19:41:30,091 [INFO] ImportTextPane:167 - (OptionalMessage_ERROR) Unable to find key (Mcu.IPNb) in loaded IOC file
2024-12-08 19:41:30,122 [WARN] ApiManager:304 - Cannot register API 'Board Extension:NFC09A1' from pack STMicroelectronics.X-CUBE-NFC9.1.0.0: no header file found
2024-12-08 19:41:30,127 [WARN] ApiManager:304 - Cannot register API 'Wireless:BlueNRG-MS' from pack STMicroelectronics.X-CUBE-BLE1.7.0.0: no header file found
2024-12-08 19:41:30,129 [WARN] ApiManager:304 - Cannot register API 'Board Extension:NFC10A1' from pack STMicroelectronics.X-CUBE-NFC10.1.0.0: no header file found
2024-12-08 19:41:30,129 [WARN] ApiManager:304 - Cannot register API 'Wireless:STM32WB05N' from pack STMicroelectronics.X-CUBE-WB05N.1.1.0: no header file found
2024-12-08 19:41:30,130 [WARN] ApiManager:304 - Cannot register API 'Board Extension:EEPRMA2' from pack STMicroelectronics.X-CUBE-EEPRMA1.5.1.0: no header file found
2024-12-08 19:41:30,130 [WARN] ApiManager:304 - Cannot register API 'Board Extension:PGEEZ1' from pack STMicroelectronics.X-CUBE-EEPRMA1.5.1.0: no header file found
2024-12-08 19:41:30,130 [WARN] ApiManager:304 - Cannot register API 'Board Extension:EEICA1' from pack STMicroelectronics.X-CUBE-EEPRMA1.5.1.0: no header file found
2024-12-08 19:41:30,130 [WARN] ApiManager:304 - Cannot register API 'Board Part:M24' from pack STMicroelectronics.X-CUBE-EEPRMA1.5.1.0: no header file found
2024-12-08 19:41:30,130 [WARN] ApiManager:304 - Cannot register API 'Board Part:M95' from pack STMicroelectronics.X-CUBE-EEPRMA1.5.1.0: no header file found
2024-12-08 19:41:30,130 [WARN] ApiManager:304 - Cannot register API 'Board Part:M95P32' from pack STMicroelectronics.X-CUBE-EEPRMA1.5.1.0: no header file found
2024-12-08 19:41:30,130 [WARN] ApiManager:304 - Cannot register API 'Board Part:M24256E-F' from pack STMicroelectronics.X-CUBE-EEPRMA1.5.1.0: no header file found
2024-12-08 19:41:30,130 [WARN] ApiManager:304 - Cannot register API 'Board Part:M24M01E-F' from pack STMicroelectronics.X-CUBE-EEPRMA1.5.1.0: no header file found
2024-12-08 19:41:30,130 [WARN] ApiManager:304 - Cannot register API 'PGEEZ1:SPI' from pack STMicroelectronics.X-CUBE-EEPRMA1.5.1.0: no header file found
2024-12-08 19:41:30,130 [WARN] ApiManager:304 - Cannot register API 'PGEEZ1:QDSPI' from pack STMicroelectronics.X-CUBE-EEPRMA1.5.1.0: no header file found
2024-12-08 19:41:30,132 [WARN] ModelIntegratedComponent:60 - No mode defined for component null
2024-12-08 19:41:30,132 [WARN] ModelIntegratedComponent:60 - No mode defined for component null
2024-12-08 19:41:30,132 [WARN] ModelIntegratedComponent:60 - No mode defined for component null
2024-12-08 19:41:30,132 [WARN] ModelIntegratedComponent:60 - No mode defined for component null
2024-12-08 19:41:30,132 [WARN] ModelIntegratedComponent:60 - No mode defined for component null
2024-12-08 19:41:30,132 [WARN] ModelIntegratedComponent:60 - No mode defined for component null
2024-12-08 19:41:30,132 [WARN] ModelIntegratedComponent:60 - No mode defined for component null
2024-12-08 19:41:30,132 [WARN] ModelIntegratedComponent:60 - No mode defined for component null
2024-12-08 19:41:30,132 [WARN] ModelIntegratedComponent:60 - No mode defined for component null
2024-12-08 19:41:30,132 [WARN] ModelIntegratedComponent:60 - No mode defined for component null
2024-12-08 19:41:30,132 [WARN] ModelIntegratedComponent:60 - No mode defined for component null
2024-12-08 19:41:30,132 [WARN] ModelIntegratedComponent:60 - No mode defined for component null
2024-12-08 19:41:30,132 [WARN] ModelIntegratedComponent:60 - No mode defined for component null
2024-12-08 19:41:30,132 [WARN] ModelIntegratedComponent:60 - No mode defined for component null
2024-12-08 19:41:30,133 [WARN] ModelIntegratedComponent:60 - No mode defined for component null
2024-12-08 19:41:30,133 [WARN] ModelIntegratedComponent:60 - No mode defined for component null
2024-12-08 19:41:30,133 [WARN] ModelIntegratedComponent:60 - No mode defined for component null
2024-12-08 19:41:30,133 [WARN] ModelIntegratedComponent:60 - No mode defined for component null
2024-12-08 19:41:30,133 [WARN] ModelIntegratedComponent:60 - No mode defined for component null
2024-12-08 19:41:30,133 [WARN] ModelIntegratedComponent:60 - No mode defined for component null
2024-12-08 19:41:30,133 [WARN] ModelIntegratedComponent:60 - No mode defined for component null
2024-12-08 19:41:30,133 [WARN] ModelIntegratedComponent:60 - No mode defined for component null
2024-12-08 19:41:30,133 [WARN] ModelIntegratedComponent:60 - No mode defined for component null
2024-12-08 19:41:30,133 [WARN] ModelIntegratedComponent:60 - No mode defined for component null
2024-12-08 19:41:30,133 [WARN] ModelIntegratedComponent:60 - No mode defined for component null
2024-12-08 19:41:30,133 [WARN] ModelIntegratedComponent:60 - No mode defined for component null
2024-12-08 19:41:30,133 [WARN] ModelIntegratedComponent:60 - No mode defined for component null
2024-12-08 19:41:30,133 [WARN] ModelIntegratedComponent:60 - No mode defined for component null
2024-12-08 19:41:30,133 [WARN] ModelIntegratedComponent:60 - No mode defined for component null
2024-12-08 19:41:30,133 [WARN] ModelIntegratedComponent:60 - No mode defined for component null
2024-12-08 19:41:30,133 [WARN] ModelIntegratedComponent:60 - No mode defined for component null
2024-12-08 19:41:30,135 [WARN] ApiManager:304 - Cannot register API 'Board Extension:NFC07A1' from pack STMicroelectronics.X-CUBE-NFC7.1.0.1: no header file found
2024-12-08 19:41:30,142 [WARN] ApiManager:304 - Cannot register API 'Board Extension:NFC06A1' from pack STMicroelectronics.X-CUBE-NFC6.3.1.0: no header file found
2024-12-08 19:41:30,142 [WARN] ApiManager:304 - Cannot register API 'Board Extension:NFC08A1' from pack STMicroelectronics.X-CUBE-NFC6.3.1.0: no header file found
2024-12-08 19:41:30,148 [INFO] RtosManager:484 - Registered RTOS mode: class=CMSIS, group=RTOS, mode=CMSIS_V1, owner=FREERTOS
2024-12-08 19:41:30,148 [INFO] RtosManager:484 - Registered RTOS mode: class=CMSIS, group=RTOS2, mode=CMSIS_V2, owner=FREERTOS
2024-12-08 19:41:30,148 [INFO] RtosManager:484 - Registered RTOS mode: class=RTOS, group=Core, mode=CMSIS_V1, owner=FREERTOS
2024-12-08 19:41:30,148 [INFO] RtosManager:484 - Registered RTOS mode: class=RTOS, group=Core, mode=CMSIS_V2, owner=FREERTOS
2024-12-08 19:41:30,148 [WARN] ModelIntegratedComponent:181 - Missing modes for component STMicroelectronics:FreeRTOS:0.0.1:STMicroelectronics:RTOS:FreeRTOS:Core:::10.2.0:
2024-12-08 19:41:30,149 [WARN] ApiManager:304 - Cannot register API 'Board Extension:STSAFEA1' from pack STMicroelectronics.X-CUBE-SAFEA1.1.2.2: no header file found
2024-12-08 19:41:30,149 [WARN] ApiManager:304 - Cannot register API 'Board Part:STSAFEA110' from pack STMicroelectronics.X-CUBE-SAFEA1.1.2.2: no header file found
2024-12-08 19:41:30,149 [WARN] ApiManager:304 - Cannot register API 'Security:ST_Cryptolib' from pack STMicroelectronics.X-CUBE-SAFEA1.1.2.2: no header file found
2024-12-08 19:41:30,149 [WARN] ApiManager:304 - Cannot register API 'Security:MbedTLS' from pack STMicroelectronics.X-CUBE-SAFEA1.1.2.2: no header file found
2024-12-08 19:41:30,150 [WARN] ApiManager:304 - Cannot register API 'Board Extension:NFC04A1' from pack STMicroelectronics.X-CUBE-NFC4.3.0.0: no header file found
2024-12-08 19:41:30,152 [WARN] ApiManager:304 - Cannot register API 'Board Extension:S2868A1' from pack STMicroelectronics.X-CUBE-SUBG2.5.0.0: no header file found
2024-12-08 19:41:30,152 [WARN] ApiManager:304 - Cannot register API 'Board Extension:S2868A2' from pack STMicroelectronics.X-CUBE-SUBG2.5.0.0: no header file found
2024-12-08 19:41:30,152 [WARN] ApiManager:304 - Cannot register API 'Board Extension:S2915A1' from pack STMicroelectronics.X-CUBE-SUBG2.5.0.0: no header file found
2024-12-08 19:41:30,155 [WARN] ApiManager:304 - Cannot register API 'Board Extension:S2868A1' from pack STMicroelectronics.X-CUBE-SFXS2LP1.4.0.0: no header file found
2024-12-08 19:41:30,155 [WARN] ApiManager:304 - Cannot register API 'Board Extension:S2868A2' from pack STMicroelectronics.X-CUBE-SFXS2LP1.4.0.0: no header file found
2024-12-08 19:41:30,155 [WARN] ApiManager:304 - Cannot register API 'Board Extension:S2915A1' from pack STMicroelectronics.X-CUBE-SFXS2LP1.4.0.0: no header file found
2024-12-08 19:41:30,156 [WARN] ApiManager:304 - Cannot register API 'Wireless:BlueNRG-2' from pack STMicroelectronics.X-CUBE-BLE2.3.3.0: no header file found
2024-12-08 19:41:30,578 [INFO] UtilMem:74 - End LoadConfig() Used Memory: 933612696 Bytes (1073741824)
2024-12-08 19:41:30,588 [WARN] ThirdParty:779 - waiting for thirdparty lock release [change project]
2024-12-08 19:41:30,588 [INFO] ThirdParty:781 - entering critical section [change project]
2024-12-08 19:41:30,588 [INFO] ThirdParty:967 - CMSIS Pack Vendor :STMicroelectronics X-CUBE-NFC9 1.0.0
2024-12-08 19:41:30,588 [INFO] ThirdParty:967 - CMSIS Pack Vendor :STMicroelectronics USB_HOST 2.0.0
2024-12-08 19:41:30,588 [INFO] ThirdParty:967 - CMSIS Pack Vendor :STMicroelectronics X-CUBE-AZRTOS-F4 1.1.0
2024-12-08 19:41:30,588 [INFO] ThirdParty:967 - CMSIS Pack Vendor :STMicroelectronics X-CUBE-BLE1 7.0.0
2024-12-08 19:41:30,588 [INFO] ThirdParty:967 - CMSIS Pack Vendor :STMicroelectronics FP-ATR-SIGFOX1 3.2.0
2024-12-08 19:41:30,588 [INFO] ThirdParty:967 - CMSIS Pack Vendor :STMicroelectronics FP-ATR-ASTRA1 2.0.1
2024-12-08 19:41:30,588 [INFO] ThirdParty:967 - CMSIS Pack Vendor :STMicroelectronics X-CUBE-NFC10 1.0.0
2024-12-08 19:41:30,588 [INFO] ThirdParty:967 - CMSIS Pack Vendor :STMicroelectronics X-CUBE-WB05N 1.1.0
2024-12-08 19:41:30,588 [INFO] ThirdParty:967 - CMSIS Pack Vendor :STMicroelectronics USB_DEVICE 3.0.0
2024-12-08 19:41:30,588 [INFO] ThirdParty:967 - CMSIS Pack Vendor :STMicroelectronics X-CUBE-EEPRMA1 5.1.0
2024-12-08 19:41:30,588 [INFO] ThirdParty:967 - CMSIS Pack Vendor :STMicroelectronics HAL Drivers 0.0.0
2024-12-08 19:41:30,588 [INFO] ThirdParty:967 - CMSIS Pack Vendor :STMicroelectronics MBEDTLS 2.16.2
2024-12-08 19:41:30,588 [INFO] ThirdParty:967 - CMSIS Pack Vendor :STMicroelectronics X-CUBE-AZRTOS-WB 2.0.0
2024-12-08 19:41:30,588 [INFO] ThirdParty:967 - CMSIS Pack Vendor :STMicroelectronics X-CUBE-NFC7 1.0.1
2024-12-08 19:41:30,588 [INFO] ThirdParty:967 - CMSIS Pack Vendor :STMicroelectronics MBEDTLS 2.14.1
2024-12-08 19:41:30,588 [INFO] ThirdParty:967 - CMSIS Pack Vendor :STMicroelectronics X-CUBE-AZRTOS-F7 1.1.0
2024-12-08 19:41:30,589 [INFO] ThirdParty:967 - CMSIS Pack Vendor :STMicroelectronics X-CUBE-AZRTOS-L5 2.0.0
2024-12-08 19:41:30,589 [INFO] ThirdParty:967 - CMSIS Pack Vendor :portGmbH I-Cube-SoM-uGOAL 1.1.0
2024-12-08 19:41:30,589 [INFO] ThirdParty:967 - CMSIS Pack Vendor :STMicroelectronics USB_DEVICE 2.0.0
2024-12-08 19:41:30,589 [INFO] ThirdParty:967 - CMSIS Pack Vendor :STMicroelectronics X-CUBE-NFC6 3.1.0
2024-12-08 19:41:30,589 [INFO] ThirdParty:967 - CMSIS Pack Vendor :STMicroelectronics X-CUBE-AZRTOS-WL 2.0.0
2024-12-08 19:41:30,589 [INFO] ThirdParty:967 - CMSIS Pack Vendor :SEGGER I-CUBE-embOS 1.3.1
2024-12-08 19:41:30,589 [INFO] ThirdParty:967 - CMSIS Pack Vendor :STMicroelectronics X-CUBE-ALGOBUILD 1.4.0
2024-12-08 19:41:30,589 [INFO] ThirdParty:967 - CMSIS Pack Vendor :STMicroelectronics FreeRTOS 0.0.1
2024-12-08 19:41:30,589 [INFO] ThirdParty:967 - CMSIS Pack Vendor :STMicroelectronics X-CUBE-AZRTOS-G0 1.1.0
2024-12-08 19:41:30,589 [INFO] ThirdParty:967 - CMSIS Pack Vendor :STMicroelectronics USB_DEVICE 1.0.0
2024-12-08 19:41:30,589 [INFO] ThirdParty:967 - CMSIS Pack Vendor :STMicroelectronics X-CUBE-SAFEA1 1.2.2
2024-12-08 19:41:30,589 [INFO] ThirdParty:967 - CMSIS Pack Vendor :STMicroelectronics X-CUBE-NFC4 3.0.0
2024-12-08 19:41:30,589 [INFO] ThirdParty:967 - CMSIS Pack Vendor :STMicroelectronics X-CUBE-SUBG2 5.0.0
2024-12-08 19:41:30,589 [INFO] ThirdParty:967 - CMSIS Pack Vendor :STMicroelectronics X-CUBE-AZRTOS-H7RS 1.0.0
2024-12-08 19:41:30,589 [INFO] ThirdParty:967 - CMSIS Pack Vendor :wolfSSL I-CUBE-wolfMQTT 1.19.0
2024-12-08 19:41:30,589 [INFO] ThirdParty:967 - CMSIS Pack Vendor :STMicroelectronics X-CUBE-AZRTOS-L4 2.0.0
2024-12-08 19:41:30,589 [INFO] ThirdParty:967 - CMSIS Pack Vendor :STMicroelectronics ThreadX 0.0.2
2024-12-08 19:41:30,589 [INFO] ThirdParty:967 - CMSIS Pack Vendor :WES I-CUBE-Cesium 1.3.0
2024-12-08 19:41:30,589 [INFO] ThirdParty:967 - CMSIS Pack Vendor :STMicroelectronics FP-ATR-ASTRA1 2.0.0
2024-12-08 19:41:30,589 [INFO] ThirdParty:967 - CMSIS Pack Vendor :STMicroelectronics lwIP 2.0.3
2024-12-08 19:41:30,589 [INFO] ThirdParty:967 - CMSIS Pack Vendor :STMicroelectronics lwIP 2.1.2
2024-12-08 19:41:30,589 [INFO] ThirdParty:967 - CMSIS Pack Vendor :STMicroelectronics X-CUBE-SFXS2LP1 4.0.0
2024-12-08 19:41:30,589 [INFO] ThirdParty:967 - CMSIS Pack Vendor :STMicroelectronics X-CUBE-BLE2 3.3.0
2024-12-08 19:41:30,589 [INFO] ThirdParty:967 - CMSIS Pack Vendor :STMicroelectronics USB_HOST 1.0.0
2024-12-08 19:41:30,589 [INFO] ThirdParty:967 - CMSIS Pack Vendor :STMicroelectronics X-CUBE-AI 9.1.0
2024-12-08 19:41:30,589 [INFO] ThirdParty:967 - CMSIS Pack Vendor :STMicroelectronics X-CUBE-AI 9.0.0
2024-12-08 19:41:30,589 [INFO] ThirdParty:967 - CMSIS Pack Vendor :STMicroelectronics X-CUBE-AZRTOS-G4 2.0.0
2024-12-08 19:41:30,589 [INFO] ThirdParty:967 - CMSIS Pack Vendor :STMicroelectronics PDM2PCM 3.1.0
2024-12-08 19:41:30,589 [INFO] ThirdParty:967 - CMSIS Pack Vendor :STMicroelectronics PDM2PCM 3.2.0
2024-12-08 19:41:30,589 [INFO] ThirdParty:967 - CMSIS Pack Vendor :STMicroelectronics PDM2PCM 3.3.0
2024-12-08 19:41:30,590 [INFO] ThirdParty:787 - exiting critical section [change project]
2024-12-08 19:41:30,756 [INFO] PinOutPanel:1463 - setPackage(No Configuration,No Configuration)
2024-12-08 19:41:30,757 [INFO] PinOutPanel:1463 - setPackage(STM32F103C6Ux,UFQFPN48)
2024-12-08 19:41:31,004 [INFO] UtilMem:74 - Before build in PCC Used Memory: 903813696 Bytes (1073741824)
2024-12-08 19:41:31,474 [INFO] UtilMem:74 - After build in PCC Used Memory: 938723840 Bytes (1073741824)
2024-12-08 19:41:31,487 [INFO] IPUIPlugin:74 - create IPUIPlugin
2024-12-08 19:41:31,487 [INFO] IPUIPlugin:74 - create IPUIPlugin
2024-12-08 19:41:31,487 [INFO] IPUIPlugin:74 - create IPUIPlugin
2024-12-08 19:41:31,487 [INFO] IPUIPlugin:74 - create IPUIPlugin
2024-12-08 19:41:31,487 [INFO] IPUIPlugin:74 - create IPUIPlugin
2024-12-08 19:41:31,487 [INFO] IPUIPlugin:74 - create IPUIPlugin
2024-12-08 19:41:31,487 [INFO] IPUIPlugin:74 - create IPUIPlugin
2024-12-08 19:41:31,487 [INFO] IPUIPlugin:74 - create IPUIPlugin
2024-12-08 19:41:31,487 [INFO] IPUIPlugin:74 - create IPUIPlugin
2024-12-08 19:41:31,487 [INFO] IPUIPlugin:74 - create IPUIPlugin
2024-12-08 19:41:31,488 [INFO] IPUIPlugin:74 - create IPUIPlugin
2024-12-08 19:41:31,488 [INFO] IPUIPlugin:74 - create IPUIPlugin
2024-12-08 19:41:31,488 [INFO] IPUIPlugin:74 - create IPUIPlugin
2024-12-08 19:41:31,488 [INFO] IPUIPlugin:74 - create IPUIPlugin
2024-12-08 19:41:31,488 [INFO] IPUIPlugin:74 - create IPUIPlugin
2024-12-08 19:41:31,488 [INFO] IPUIPlugin:74 - create IPUIPlugin
2024-12-08 19:41:31,489 [INFO] IPUIPlugin:74 - create IPUIPlugin
2024-12-08 19:41:31,489 [INFO] IPUIPlugin:74 - create IPUIPlugin
2024-12-08 19:41:31,489 [INFO] IPUIPlugin:74 - create IPUIPlugin
2024-12-08 19:41:31,489 [INFO] IPUIPlugin:74 - create IPUIPlugin
2024-12-08 19:41:31,489 [INFO] IPUIPlugin:74 - create IPUIPlugin
2024-12-08 19:41:31,490 [INFO] IPUIPlugin:74 - create IPUIPlugin
2024-12-08 19:41:31,490 [INFO] IPUIPlugin:74 - create IPUIPlugin
2024-12-08 19:41:31,600 [INFO] OpenFileManager:333 - Restore cursor
2024-12-08 19:41:31,876 [INFO] UtilMem:74 - End SaveConfig() Used Memory: 948506616 Bytes (1073741824)
2024-12-08 19:41:31,925 [INFO] UtilMem:74 - End SaveConfig() Used Memory: 905318824 Bytes (1073741824)
2024-12-08 19:41:32,129 [INFO] BlockDiagram:2740 - set Specific Code input for plugin: NVIC
2024-12-08 19:41:32,129 [INFO] BlockDiagram:2740 - set Specific Code input for plugin: SYS
2024-12-08 19:41:32,129 [INFO] BlockDiagram:2740 - set Specific Code input for plugin: RCC
2024-12-08 19:41:32,131 [INFO] CodeGenerator:663 - code generatio: config db path: C:\ST\STM32CubeIDE_1.7.0\STM32CubeIDE\plugins\com.st.stm32cube.common.mx_6.3.0.202107141111\\db\
2024-12-08 19:41:32,353 [INFO] CodeEngine:239 - oldGeneratedFile, C:\Users\ADMIN\Desktop\GIT_LAB5\lab5\MXTmpFiles\license.tmp_save
2024-12-08 19:41:32,644 [INFO] CodeEngine:257 - Generated code: C:\Users\ADMIN\Desktop\GIT_LAB5\lab5\MXTmpFiles\license.tmp
2024-12-08 19:41:32,777 [INFO] CodeEngine:239 - oldGeneratedFile, C:\Users\ADMIN\Desktop\GIT_LAB5\lab5\Core\Src\stm32f1xx_it.c_save
2024-12-08 19:41:32,875 [INFO] CodeEngine:257 - Generated code: C:\Users\ADMIN\Desktop\GIT_LAB5\lab5\Core\Src\stm32f1xx_it.c
2024-12-08 19:41:32,883 [INFO] CodeEngine:239 - oldGeneratedFile, C:\Users\ADMIN\Desktop\GIT_LAB5\lab5\Core\Inc\stm32f1xx_it.h_save
2024-12-08 19:41:32,938 [INFO] CodeEngine:257 - Generated code: C:\Users\ADMIN\Desktop\GIT_LAB5\lab5\Core\Inc\stm32f1xx_it.h
2024-12-08 19:41:32,952 [INFO] CodeEngine:239 - oldGeneratedFile, C:\Users\ADMIN\Desktop\GIT_LAB5\lab5\Core\Src\stm32f1xx_hal_msp.c_save
2024-12-08 19:41:33,054 [INFO] CodeEngine:257 - Generated code: C:\Users\ADMIN\Desktop\GIT_LAB5\lab5\Core\Src\stm32f1xx_hal_msp.c
2024-12-08 19:41:33,061 [INFO] CodeEngine:239 - oldGeneratedFile, C:\Users\ADMIN\Desktop\GIT_LAB5\lab5\MXTmpFiles\system.tmp_save
2024-12-08 19:41:33,106 [INFO] CodeEngine:257 - Generated code: C:\Users\ADMIN\Desktop\GIT_LAB5\lab5\MXTmpFiles\system.tmp
2024-12-08 19:41:33,119 [INFO] CodeEngine:239 - oldGeneratedFile, C:\Users\ADMIN\Desktop\GIT_LAB5\lab5\Core\Inc\stm32f1xx_hal_conf.h_save
2024-12-08 19:41:33,181 [INFO] CodeEngine:257 - Generated code: C:\Users\ADMIN\Desktop\GIT_LAB5\lab5\Core\Inc\stm32f1xx_hal_conf.h
2024-12-08 19:41:33,233 [INFO] CodeEngine:239 - oldGeneratedFile, C:\Users\ADMIN\Desktop\GIT_LAB5\lab5\Core\Inc\main.h_save
2024-12-08 19:41:33,304 [INFO] CodeEngine:257 - Generated code: C:\Users\ADMIN\Desktop\GIT_LAB5\lab5\Core\Inc\main.h
2024-12-08 19:41:33,314 [INFO] CodeEngine:239 - oldGeneratedFile, C:\Users\ADMIN\Desktop\GIT_LAB5\lab5\Core\Src\main.c_save
2024-12-08 19:41:33,420 [INFO] CodeEngine:257 - Generated code: C:\Users\ADMIN\Desktop\GIT_LAB5\lab5\Core\Src\main.c
2024-12-08 19:41:34,467 [INFO] ProjectBuilder:2578 - Time for Copy HAL[1] : 104mS.
2024-12-08 19:41:34,473 [INFO] ProjectBuilder:3622 - Project Generator version: 3.14.1
2024-12-08 19:41:34,854 [INFO] ConfigFileManager:1271 - The Die is : DIE412
2024-12-08 19:41:34,884 [INFO] ApiDbMcu:468 - Load IP Config File for FATFS
2024-12-08 19:41:34,914 [INFO] ApiDbMcu:468 - Load IP Config File for FREERTOS
2024-12-08 19:41:34,942 [INFO] ApiDbMcu:468 - Load IP Config File for USB_DEVICE
2024-12-08 19:41:39,906 [INFO] ProjectBuilder:3789 - Time for Generating toolchain IDE Files: 5433mS.
2024-12-08 19:41:39,907 [INFO] ProjectBuilder:2457 - Time for Copy CMSIS : 1mS.
2024-12-08 19:41:39,909 [INFO] ProjectBuilder:2457 - Time for Copy CMSIS : 0mS.
2024-12-08 19:41:40,751 [INFO] McuFinderGlobals:52 - Set McuFinderConnectedMode to true
2024-12-08 19:41:40,752 [INFO] ApiDb:276 - Save user favorites file C:\Users\ADMIN/.stm32cubeide/favorites.mcus.txt: 0 item(s)
2024-12-08 19:41:40,752 [INFO] ApiDb:280 - User favorites MCUs=[]
2024-12-08 20:24:08,101 [INFO] NvicIntPanel:96 - NVIC parent = com.st.microxplorer.plugins.ip.nvic.MultiNvicIntPanel[,0,0,0x0,invalid,layout=javax.swing.BoxLayout,alignmentX=0.0,alignmentY=0.0,border=,flags=9,maximumSize=,minimumSize=,preferredSize=]
2024-12-08 20:24:37,449 [INFO] NvicIntPanel:96 - NVIC parent = com.st.microxplorer.plugins.ip.nvic.MultiNvicIntPanel[,0,0,450x186,layout=javax.swing.BoxLayout,alignmentX=0.0,alignmentY=0.0,border=,flags=9,maximumSize=,minimumSize=,preferredSize=]
2024-12-08 20:29:07,243 [INFO] UtilMem:74 - End SaveConfig() Used Memory: 874970664 Bytes (1073741824)
2024-12-08 20:29:08,566 [INFO] UtilMem:74 - End SaveConfig() Used Memory: 902652936 Bytes (1073741824)
2024-12-08 20:29:09,778 [INFO] UtilMem:74 - End SaveConfig() Used Memory: 921274912 Bytes (1073741824)
2024-12-08 20:29:10,090 [INFO] BlockDiagram:2740 - set Specific Code input for plugin: NVIC
2024-12-08 20:29:10,090 [INFO] BlockDiagram:2740 - set Specific Code input for plugin: SYS
2024-12-08 20:29:10,091 [INFO] BlockDiagram:2740 - set Specific Code input for plugin: RCC
2024-12-08 20:29:10,091 [INFO] BlockDiagram:2740 - set Specific Code input for plugin: TIM1_8F1
2024-12-08 20:29:10,091 [INFO] CodeGenerator:663 - code generatio: config db path: C:\ST\STM32CubeIDE_1.7.0\STM32CubeIDE\plugins\com.st.stm32cube.common.mx_6.3.0.202107141111\\db\
2024-12-08 20:29:10,386 [INFO] CodeEngine:239 - oldGeneratedFile, C:\Users\ADMIN\Desktop\GIT_LAB5\lab5\MXTmpFiles\license.tmp_save
2024-12-08 20:29:10,468 [INFO] CodeEngine:257 - Generated code: C:\Users\ADMIN\Desktop\GIT_LAB5\lab5\MXTmpFiles\license.tmp
2024-12-08 20:29:10,582 [INFO] CodeEngine:239 - oldGeneratedFile, C:\Users\ADMIN\Desktop\GIT_LAB5\lab5\Core\Src\stm32f1xx_it.c_save
2024-12-08 20:29:10,732 [INFO] CodeEngine:257 - Generated code: C:\Users\ADMIN\Desktop\GIT_LAB5\lab5\Core\Src\stm32f1xx_it.c
2024-12-08 20:29:10,751 [INFO] CodeEngine:239 - oldGeneratedFile, C:\Users\ADMIN\Desktop\GIT_LAB5\lab5\Core\Inc\stm32f1xx_it.h_save
2024-12-08 20:29:10,830 [INFO] CodeEngine:257 - Generated code: C:\Users\ADMIN\Desktop\GIT_LAB5\lab5\Core\Inc\stm32f1xx_it.h
2024-12-08 20:29:10,855 [INFO] CodeEngine:239 - oldGeneratedFile, C:\Users\ADMIN\Desktop\GIT_LAB5\lab5\Core\Src\stm32f1xx_hal_msp.c_save
2024-12-08 20:29:10,984 [INFO] CodeEngine:257 - Generated code: C:\Users\ADMIN\Desktop\GIT_LAB5\lab5\Core\Src\stm32f1xx_hal_msp.c
2024-12-08 20:29:10,996 [INFO] CodeEngine:239 - oldGeneratedFile, C:\Users\ADMIN\Desktop\GIT_LAB5\lab5\MXTmpFiles\system.tmp_save
2024-12-08 20:29:11,074 [INFO] CodeEngine:257 - Generated code: C:\Users\ADMIN\Desktop\GIT_LAB5\lab5\MXTmpFiles\system.tmp
2024-12-08 20:29:11,109 [INFO] CodeEngine:239 - oldGeneratedFile, C:\Users\ADMIN\Desktop\GIT_LAB5\lab5\Core\Inc\stm32f1xx_hal_conf.h_save
2024-12-08 20:29:11,207 [INFO] CodeEngine:257 - Generated code: C:\Users\ADMIN\Desktop\GIT_LAB5\lab5\Core\Inc\stm32f1xx_hal_conf.h
2024-12-08 20:29:11,224 [WARN] IPConfigManager:3148 - IP not found : TIM
2024-12-08 20:29:11,225 [WARN] CodeGenerator:3268 - IP not found : null
2024-12-08 20:29:11,252 [INFO] CodeEngine:239 - oldGeneratedFile, C:\Users\ADMIN\Desktop\GIT_LAB5\lab5\Core\Inc\main.h_save
2024-12-08 20:29:11,323 [INFO] CodeEngine:257 - Generated code: C:\Users\ADMIN\Desktop\GIT_LAB5\lab5\Core\Inc\main.h
2024-12-08 20:29:11,340 [INFO] CodeEngine:239 - oldGeneratedFile, C:\Users\ADMIN\Desktop\GIT_LAB5\lab5\Core\Src\main.c_save
2024-12-08 20:29:11,437 [INFO] CodeEngine:257 - Generated code: C:\Users\ADMIN\Desktop\GIT_LAB5\lab5\Core\Src\main.c
2024-12-08 20:29:12,050 [INFO] ProjectBuilder:2578 - Time for Copy HAL[1] : 66mS.
2024-12-08 20:29:12,055 [INFO] ProjectBuilder:3622 - Project Generator version: 3.14.1
2024-12-08 20:29:12,694 [INFO] ConfigFileManager:1271 - The Die is : DIE412
2024-12-08 20:29:14,759 [INFO] ProjectBuilder:3789 - Time for Generating toolchain IDE Files: 2704mS.
2024-12-08 20:29:14,759 [INFO] ProjectBuilder:2457 - Time for Copy CMSIS : 0mS.
2024-12-08 20:29:14,761 [INFO] ProjectBuilder:2457 - Time for Copy CMSIS : 0mS.
2024-12-08 20:32:24,180 [INFO] NvicIntPanel:96 - NVIC parent = com.st.microxplorer.plugins.ip.nvic.MultiNvicIntPanel[,0,0,450x186,layout=javax.swing.BoxLayout,alignmentX=0.0,alignmentY=0.0,border=,flags=9,maximumSize=,minimumSize=,preferredSize=]
2024-12-08 20:32:29,115 [INFO] NvicIntPanel:96 - NVIC parent = com.st.microxplorer.plugins.ip.nvic.MultiNvicIntPanel[,0,0,0x0,invalid,layout=javax.swing.BoxLayout,alignmentX=0.0,alignmentY=0.0,border=,flags=9,maximumSize=,minimumSize=,preferredSize=]
2024-12-08 20:32:29,189 [INFO] NvicIntPanel:96 - NVIC parent = com.st.microxplorer.plugins.ip.nvic.MultiNvicIntPanel[,0,0,0x0,invalid,layout=javax.swing.BoxLayout,alignmentX=0.0,alignmentY=0.0,border=,flags=9,maximumSize=,minimumSize=,preferredSize=]
2024-12-08 20:32:46,658 [INFO] ADCParametersView:103 -                Rank 1 : false
2024-12-08 20:32:59,507 [INFO] ADCParametersView:103 -                Rank 1 : false
2024-12-08 20:32:59,511 [INFO] ADCParametersView:103 -                Rank 1 : false
2024-12-08 20:32:59,512 [INFO] ADCParametersView:103 -                Rank 1 : false
2024-12-08 20:32:59,512 [INFO] ADCParametersView:103 -                Rank 1 : false
2024-12-08 20:32:59,512 [INFO] ADCParametersView:103 -                Rank 1 : false
2024-12-08 20:32:59,512 [INFO] ADCParametersView:103 -                Rank 1 : false
2024-12-08 20:32:59,512 [INFO] ADCParametersView:103 -                Rank 1 : false
2024-12-08 20:32:59,512 [INFO] ADCParametersView:103 -                Rank 1 : false
2024-12-08 20:32:59,512 [INFO] ADCParametersView:103 -                Rank 1 : false
2024-12-08 20:32:59,512 [INFO] ADCParametersView:103 -                Rank 1 : false
2024-12-08 20:32:59,517 [INFO] ADCParametersView:103 -                Rank 1 : false
2024-12-08 20:32:59,548 [INFO] ADCParametersView:103 -                Rank 1 : false
2024-12-08 20:32:59,549 [INFO] ADCParametersView:103 -                Rank 1 : false
2024-12-08 20:32:59,550 [INFO] ADCParametersView:103 -                Rank 1 : false
2024-12-08 20:32:59,550 [INFO] ADCParametersView:103 -                Rank 1 : false
2024-12-08 20:32:59,550 [INFO] ADCParametersView:103 -                Rank 1 : false
2024-12-08 20:32:59,550 [INFO] ADCParametersView:103 -                Rank 1 : false
2024-12-08 20:32:59,550 [INFO] ADCParametersView:103 -                Rank 1 : false
2024-12-08 20:32:59,550 [INFO] ADCParametersView:103 -                Rank 1 : false
2024-12-08 20:32:59,550 [INFO] ADCParametersView:103 -                Rank 1 : false
2024-12-08 20:32:59,550 [INFO] ADCParametersView:103 -                Rank 1 : false
2024-12-08 20:32:59,554 [INFO] ADCParametersView:103 -                Rank 1 : false
2024-12-08 20:33:04,719 [INFO] UtilMem:74 - End SaveConfig() Used Memory: 940816600 Bytes (1073741824)
2024-12-08 20:33:06,623 [INFO] UtilMem:74 - End SaveConfig() Used Memory: 890712688 Bytes (1073741824)
2024-12-08 20:33:07,827 [INFO] UtilMem:74 - End SaveConfig() Used Memory: 942615152 Bytes (1073741824)
2024-12-08 20:33:08,026 [INFO] BlockDiagram:2740 - set Specific Code input for plugin: NVIC
2024-12-08 20:33:08,027 [INFO] BlockDiagram:2740 - set Specific Code input for plugin: SYS
2024-12-08 20:33:08,027 [INFO] BlockDiagram:2740 - set Specific Code input for plugin: GPIO
2024-12-08 20:33:08,027 [INFO] BlockDiagram:2740 - set Specific Code input for plugin: ADC
2024-12-08 20:33:08,027 [INFO] BlockDiagram:2740 - set Specific Code input for plugin: USART
2024-12-08 20:33:08,027 [INFO] BlockDiagram:2740 - set Specific Code input for plugin: RCC
2024-12-08 20:33:08,027 [INFO] BlockDiagram:2740 - set Specific Code input for plugin: TIM1_8F1
2024-12-08 20:33:08,028 [INFO] CodeGenerator:663 - code generatio: config db path: C:\ST\STM32CubeIDE_1.7.0\STM32CubeIDE\plugins\com.st.stm32cube.common.mx_6.3.0.202107141111\\db\
2024-12-08 20:33:08,276 [INFO] CodeEngine:239 - oldGeneratedFile, C:\Users\ADMIN\Desktop\GIT_LAB5\lab5\MXTmpFiles\license.tmp_save
2024-12-08 20:33:08,324 [INFO] CodeEngine:257 - Generated code: C:\Users\ADMIN\Desktop\GIT_LAB5\lab5\MXTmpFiles\license.tmp
2024-12-08 20:33:08,378 [INFO] CodeEngine:239 - oldGeneratedFile, C:\Users\ADMIN\Desktop\GIT_LAB5\lab5\MXTmpFiles\gpio.tmp_save
2024-12-08 20:33:08,455 [INFO] CodeEngine:257 - Generated code: C:\Users\ADMIN\Desktop\GIT_LAB5\lab5\MXTmpFiles\gpio.tmp
2024-12-08 20:33:08,541 [INFO] CodeEngine:239 - oldGeneratedFile, C:\Users\ADMIN\Desktop\GIT_LAB5\lab5\Core\Src\stm32f1xx_it.c_save
2024-12-08 20:33:08,628 [INFO] CodeEngine:257 - Generated code: C:\Users\ADMIN\Desktop\GIT_LAB5\lab5\Core\Src\stm32f1xx_it.c
2024-12-08 20:33:08,631 [INFO] CodeEngine:239 - oldGeneratedFile, C:\Users\ADMIN\Desktop\GIT_LAB5\lab5\Core\Inc\stm32f1xx_it.h_save
2024-12-08 20:33:08,696 [INFO] CodeEngine:257 - Generated code: C:\Users\ADMIN\Desktop\GIT_LAB5\lab5\Core\Inc\stm32f1xx_it.h
2024-12-08 20:33:08,708 [INFO] CodeEngine:239 - oldGeneratedFile, C:\Users\ADMIN\Desktop\GIT_LAB5\lab5\Core\Src\stm32f1xx_hal_msp.c_save
2024-12-08 20:33:08,803 [INFO] CodeEngine:257 - Generated code: C:\Users\ADMIN\Desktop\GIT_LAB5\lab5\Core\Src\stm32f1xx_hal_msp.c
2024-12-08 20:33:08,805 [INFO] CodeEngine:239 - oldGeneratedFile, C:\Users\ADMIN\Desktop\GIT_LAB5\lab5\MXTmpFiles\system.tmp_save
2024-12-08 20:33:08,841 [INFO] CodeEngine:257 - Generated code: C:\Users\ADMIN\Desktop\GIT_LAB5\lab5\MXTmpFiles\system.tmp
2024-12-08 20:33:08,854 [INFO] CodeEngine:239 - oldGeneratedFile, C:\Users\ADMIN\Desktop\GIT_LAB5\lab5\Core\Inc\stm32f1xx_hal_conf.h_save
2024-12-08 20:33:08,940 [INFO] CodeEngine:257 - Generated code: C:\Users\ADMIN\Desktop\GIT_LAB5\lab5\Core\Inc\stm32f1xx_hal_conf.h
2024-12-08 20:33:08,956 [WARN] IPConfigManager:3148 - IP not found : TIM
2024-12-08 20:33:08,956 [WARN] CodeGenerator:3268 - IP not found : null
2024-12-08 20:33:08,973 [INFO] CodeEngine:239 - oldGeneratedFile, C:\Users\ADMIN\Desktop\GIT_LAB5\lab5\Core\Inc\main.h_save
2024-12-08 20:33:09,048 [INFO] CodeEngine:257 - Generated code: C:\Users\ADMIN\Desktop\GIT_LAB5\lab5\Core\Inc\main.h
2024-12-08 20:33:09,062 [INFO] CodeEngine:239 - oldGeneratedFile, C:\Users\ADMIN\Desktop\GIT_LAB5\lab5\Core\Src\main.c_save
2024-12-08 20:33:09,215 [INFO] CodeEngine:257 - Generated code: C:\Users\ADMIN\Desktop\GIT_LAB5\lab5\Core\Src\main.c
2024-12-08 20:33:10,101 [INFO] ProjectBuilder:2578 - Time for Copy HAL[1] : 75mS.
2024-12-08 20:33:10,105 [INFO] ProjectBuilder:3622 - Project Generator version: 3.14.1
2024-12-08 20:33:10,432 [INFO] ConfigFileManager:1271 - The Die is : DIE412
2024-12-08 20:33:12,076 [INFO] ProjectBuilder:3789 - Time for Generating toolchain IDE Files: 1971mS.
2024-12-08 20:33:12,078 [INFO] ProjectBuilder:2457 - Time for Copy CMSIS : 1mS.
2024-12-08 20:33:12,080 [INFO] ProjectBuilder:2457 - Time for Copy CMSIS : 0mS.
2024-12-08 22:19:38,804 [INFO] NvicIntPanel:96 - NVIC parent = com.st.microxplorer.plugins.ip.nvic.MultiNvicIntPanel[,0,0,0x0,invalid,layout=javax.swing.BoxLayout,alignmentX=0.0,alignmentY=0.0,border=,flags=9,maximumSize=,minimumSize=,preferredSize=]
2024-12-08 22:19:47,173 [INFO] ADCParametersView:103 -                Rank 1 : false
2024-12-08 22:19:47,174 [INFO] ADCParametersView:103 -                Rank 1 : false
2024-12-08 22:19:47,175 [INFO] ADCParametersView:103 -                Rank 1 : false
2024-12-08 22:19:47,175 [INFO] ADCParametersView:103 -                Rank 1 : false
2024-12-08 22:19:47,175 [INFO] ADCParametersView:103 -                Rank 1 : false
2024-12-08 22:19:47,175 [INFO] ADCParametersView:103 -                Rank 1 : false
2024-12-08 22:19:47,175 [INFO] ADCParametersView:103 -                Rank 1 : false
2024-12-08 22:19:47,175 [INFO] ADCParametersView:103 -                Rank 1 : false
2024-12-08 22:19:47,175 [INFO] ADCParametersView:103 -                Rank 1 : false
2024-12-08 22:19:47,175 [INFO] ADCParametersView:103 -                Rank 1 : false
2024-12-08 22:19:47,181 [INFO] ADCParametersView:103 -                Rank 1 : false
